2020-06-01 22:37:03.5632|0|OzoMvc.Program|DEBUG|init main 
2020-06-01 22:37:05.8949|0|Microsoft.Hosting.Lifetime|INFO|Application started. Press Ctrl+C to shut down. 
2020-06-01 22:37:05.9006|0|Microsoft.Hosting.Lifetime|INFO|Hosting environment: Development 
2020-06-01 22:37:05.9006|0|Microsoft.Hosting.Lifetime|INFO|Content root path: C:\Users\Pero\Desktop\OzoMvc 
2020-06-01 23:16:57.3940|0|OzoMvc.Program|DEBUG|init main 
2020-06-01 23:16:57.9188|0|Microsoft.Hosting.Lifetime|INFO|Application started. Press Ctrl+C to shut down. 
2020-06-01 23:16:57.9188|0|Microsoft.Hosting.Lifetime|INFO|Hosting environment: Development 
2020-06-01 23:16:57.9420|0|Microsoft.Hosting.Lifetime|INFO|Content root path: C:\Users\Pero\Desktop\OzoMvc 
2020-06-01 23:17:04.1733|1|Microsoft.AspNetCore.Diagnostics.DeveloperExceptionPageMiddleware|ERROR|An unhandled exception has occurred while executing the request. Object reference not set to an instance of an object.
2020-06-01 23:19:44.1961|0|OzoMvc.Program|DEBUG|init main 
2020-06-01 23:19:44.5045|0|Microsoft.Hosting.Lifetime|INFO|Application started. Press Ctrl+C to shut down. 
2020-06-01 23:19:44.5075|0|Microsoft.Hosting.Lifetime|INFO|Hosting environment: Development 
2020-06-01 23:19:44.5075|0|Microsoft.Hosting.Lifetime|INFO|Content root path: C:\Users\Pero\Desktop\OzoMvc 
2020-06-01 23:19:52.2982|1|Microsoft.AspNetCore.Diagnostics.DeveloperExceptionPageMiddleware|ERROR|An unhandled exception has occurred while executing the request. Object reference not set to an instance of an object.
2020-06-01 23:30:55.1865|0|OzoMvc.Program|DEBUG|init main 
2020-06-01 23:30:55.5831|0|Microsoft.Hosting.Lifetime|INFO|Application started. Press Ctrl+C to shut down. 
2020-06-01 23:30:55.5865|0|Microsoft.Hosting.Lifetime|INFO|Hosting environment: Development 
2020-06-01 23:30:55.5865|0|Microsoft.Hosting.Lifetime|INFO|Content root path: C:\Users\Pero\Desktop\OzoMvc 
2020-06-01 23:31:53.9948|1000|OzoMvc.Controllers.PosaoController|INFO|Posao 5 dodan. 
2020-06-01 23:37:20.2479|0|OzoMvc.Program|DEBUG|init main 
2020-06-01 23:37:20.5570|0|Microsoft.Hosting.Lifetime|INFO|Application started. Press Ctrl+C to shut down. 
2020-06-01 23:37:20.5570|0|Microsoft.Hosting.Lifetime|INFO|Hosting environment: Development 
2020-06-01 23:37:20.5570|0|Microsoft.Hosting.Lifetime|INFO|Content root path: C:\Users\Pero\Desktop\OzoMvc 
2020-06-01 23:37:28.7931|1|Microsoft.AspNetCore.Diagnostics.DeveloperExceptionPageMiddleware|ERROR|An unhandled exception has occurred while executing the request. Unexpected 'asp-for' expression result type 'System.Collections.Generic.ICollection`1[[OzoMvc.Models.ZaposlenikPosao, OzoMvc, Version=1.0.0.0, Culture=neutral, PublicKeyToken=null]]' for <input>. 'asp-for' must be of type 'System.Boolean' or 'System.String' that can be parsed as a 'System.Boolean' if 'type' is 'checkbox'.
2020-06-01 23:38:05.6096|0|OzoMvc.Program|DEBUG|init main 
2020-06-01 23:38:05.9106|0|Microsoft.Hosting.Lifetime|INFO|Application started. Press Ctrl+C to shut down. 
2020-06-01 23:38:05.9136|0|Microsoft.Hosting.Lifetime|INFO|Hosting environment: Development 
2020-06-01 23:38:05.9136|0|Microsoft.Hosting.Lifetime|INFO|Content root path: C:\Users\Pero\Desktop\OzoMvc 
2020-06-01 23:39:56.3197|0|OzoMvc.Program|DEBUG|init main 
2020-06-01 23:39:56.6237|0|Microsoft.Hosting.Lifetime|INFO|Application started. Press Ctrl+C to shut down. 
2020-06-01 23:39:56.6237|0|Microsoft.Hosting.Lifetime|INFO|Hosting environment: Development 
2020-06-01 23:39:56.6325|0|Microsoft.Hosting.Lifetime|INFO|Content root path: C:\Users\Pero\Desktop\OzoMvc 
2020-06-01 23:41:05.4411|0|OzoMvc.Program|DEBUG|init main 
2020-06-01 23:41:05.7440|0|Microsoft.Hosting.Lifetime|INFO|Application started. Press Ctrl+C to shut down. 
2020-06-01 23:41:05.7440|0|Microsoft.Hosting.Lifetime|INFO|Hosting environment: Development 
2020-06-01 23:41:05.7440|0|Microsoft.Hosting.Lifetime|INFO|Content root path: C:\Users\Pero\Desktop\OzoMvc 
2020-06-01 23:46:29.0954|0|OzoMvc.Program|DEBUG|init main 
2020-06-01 23:46:29.3944|0|Microsoft.Hosting.Lifetime|INFO|Application started. Press Ctrl+C to shut down. 
2020-06-01 23:46:29.3944|0|Microsoft.Hosting.Lifetime|INFO|Hosting environment: Development 
2020-06-01 23:46:29.4028|0|Microsoft.Hosting.Lifetime|INFO|Content root path: C:\Users\Pero\Desktop\OzoMvc 
2020-06-01 23:47:04.2250|1000|OzoMvc.Controllers.PosaoController|INFO|Posao 6 dodan. 
2020-06-01 23:48:56.3156|0|OzoMvc.Program|DEBUG|init main 
2020-06-01 23:48:56.6432|0|Microsoft.Hosting.Lifetime|INFO|Application started. Press Ctrl+C to shut down. 
2020-06-01 23:48:56.6432|0|Microsoft.Hosting.Lifetime|INFO|Hosting environment: Development 
2020-06-01 23:48:56.6528|0|Microsoft.Hosting.Lifetime|INFO|Content root path: C:\Users\Pero\Desktop\OzoMvc 
2020-06-01 23:49:21.1120|0|OzoMvc.Program|DEBUG|init main 
2020-06-01 23:49:21.4155|0|Microsoft.Hosting.Lifetime|INFO|Application started. Press Ctrl+C to shut down. 
2020-06-01 23:49:21.4155|0|Microsoft.Hosting.Lifetime|INFO|Hosting environment: Development 
2020-06-01 23:49:21.4155|0|Microsoft.Hosting.Lifetime|INFO|Content root path: C:\Users\Pero\Desktop\OzoMvc 
2020-06-01 23:51:05.7039|0|OzoMvc.Program|DEBUG|init main 
2020-06-01 23:51:06.0078|0|Microsoft.Hosting.Lifetime|INFO|Application started. Press Ctrl+C to shut down. 
2020-06-01 23:51:06.0078|0|Microsoft.Hosting.Lifetime|INFO|Hosting environment: Development 
2020-06-01 23:51:06.0078|0|Microsoft.Hosting.Lifetime|INFO|Content root path: C:\Users\Pero\Desktop\OzoMvc 
