2020-06-15 13:53:24.9708|0|OzoMvc.Program|DEBUG|  init main |url: ?|action: 
2020-06-15 13:54:13.2227|1000|OzoMvc.Controllers.PosaoController|INFO|  Posao 58 dodan. |url: https://localhost/Posao/Create?|action: Create
2020-06-15 13:54:40.3638|0|OzoMvc.Controllers.PosaoController|ERROR|  Pogreška prilikom dodavanja novog posla: Object reference not set to an instance of an object.
 |url: https://localhost/Posao/Create?|action: Create
2020-06-15 19:41:44.7106|0|OzoMvc.Program|DEBUG|  init main |url: ?|action: 
2020-06-15 19:43:24.5045|0|OzoMvc.Program|DEBUG|  init main |url: ?|action: 
2020-06-15 19:44:04.2995|0|OzoMvc.Program|DEBUG|  init main |url: ?|action: 
2020-06-15 19:50:55.5593|0|OzoMvc.Program|DEBUG|  init main |url: ?|action: 
2020-06-15 19:51:29.3953|1000|OzoMvc.Controllers.PosaoController|INFO|  Posao 59 dodan. |url: https://localhost/Posao/Create?|action: Create
2020-06-15 19:54:00.8818|0|OzoMvc.Program|DEBUG|  init main |url: ?|action: 
2020-06-15 19:54:31.9594|0|OzoMvc.Controllers.PosaoController|ERROR|  Pogreška prilikom dodavanja novog posla: Object reference not set to an instance of an object.
 |url: https://localhost/Posao/Create?|action: Create
2020-06-15 19:54:38.8787|0|OzoMvc.Controllers.PosaoController|ERROR|  Pogreška prilikom dodavanja novog posla: Object reference not set to an instance of an object.
 |url: https://localhost/Posao/Create?|action: Create
2020-06-15 19:55:46.8445|0|OzoMvc.Program|DEBUG|  init main |url: ?|action: 
2020-06-15 19:57:42.3464|0|OzoMvc.Controllers.PosaoController|ERROR|  Pogreška prilikom dodavanja novog posla: Object reference not set to an instance of an object.
 |url: https://localhost/Posao/Create?|action: Create
2020-06-15 19:57:47.9092|0|OzoMvc.Controllers.PosaoController|ERROR|  Pogreška prilikom dodavanja novog posla: Object reference not set to an instance of an object.
 |url: https://localhost/Posao/Create?|action: Create
2020-06-15 19:57:52.3090|0|OzoMvc.Controllers.PosaoController|ERROR|  Pogreška prilikom dodavanja novog posla: Object reference not set to an instance of an object.
 |url: https://localhost/Posao/Create?|action: Create
2020-06-15 19:59:36.0258|0|OzoMvc.Program|DEBUG|  init main |url: ?|action: 
2020-06-15 19:59:37.6132|0|OzoMvc.Controllers.PosaoController|ERROR|  Pogreška prilikom dodavanja novog posla: Object reference not set to an instance of an object.
 |url: https://localhost/Posao/Create?|action: Create
2020-06-15 20:04:17.3937|0|OzoMvc.Program|DEBUG|  init main |url: ?|action: 
2020-06-15 20:04:40.8621|1000|OzoMvc.Controllers.PosaoController|INFO|  Posao 60 dodan. |url: https://localhost/Posao/Create?|action: Create
2020-06-15 20:06:09.8641|0|OzoMvc.Program|DEBUG|  init main |url: ?|action: 
2020-06-15 20:06:37.4565|1000|OzoMvc.Controllers.PosaoController|INFO|  Posao 61 dodan. |url: https://localhost/Posao/Create?|action: Create
2020-06-15 20:11:01.8472|0|OzoMvc.Program|DEBUG|  init main |url: ?|action: 
2020-06-15 20:11:23.2042|0|OzoMvc.Controllers.PosaoController|ERROR|  Pogreška prilikom dodavanja novog posla: Object reference not set to an instance of an object.
 |url: https://localhost/Posao/Create?|action: Create
2020-06-15 20:11:27.7418|0|OzoMvc.Controllers.PosaoController|ERROR|  Pogreška prilikom dodavanja novog posla: Object reference not set to an instance of an object.
 |url: https://localhost/Posao/Create?|action: Create
2020-06-15 20:11:31.8311|0|OzoMvc.Controllers.PosaoController|ERROR|  Pogreška prilikom dodavanja novog posla: Object reference not set to an instance of an object.
 |url: https://localhost/Posao/Create?|action: Create
2020-06-15 20:12:04.1163|0|OzoMvc.Program|DEBUG|  init main |url: ?|action: 
2020-06-15 20:12:36.6525|0|OzoMvc.Controllers.PosaoController|ERROR|  Pogreška prilikom dodavanja novog posla: The entity type 'PosaoViewModel' was not found. Ensure that the entity type has been added to the model.
 |url: https://localhost/Posao/Create?|action: Create
2020-06-15 20:14:01.3324|0|OzoMvc.Program|DEBUG|  init main |url: ?|action: 
2020-06-15 20:14:02.8350|0|OzoMvc.Controllers.PosaoController|ERROR|  Pogreška prilikom dodavanja novog posla: The entity type 'PosaoViewModel' was not found. Ensure that the entity type has been added to the model.
 |url: https://localhost/Posao/Create?|action: Create
2020-06-15 20:14:08.6041|0|OzoMvc.Controllers.PosaoController|ERROR|  Pogreška prilikom dodavanja novog posla: The entity type 'PosaoViewModel' was not found. Ensure that the entity type has been added to the model.
 |url: https://localhost/Posao/Create?|action: Create
2020-06-15 20:14:29.3226|0|OzoMvc.Program|DEBUG|  init main |url: ?|action: 
2020-06-15 20:14:30.9760|0|OzoMvc.Controllers.PosaoController|ERROR|  Pogreška prilikom dodavanja novog posla: Object reference not set to an instance of an object.
 |url: https://localhost/Posao/Create?|action: Create
2020-06-15 20:14:55.5772|1000|OzoMvc.Controllers.PosaoController|INFO|  Posao 62 dodan. |url: https://localhost/Posao/Create?|action: Create
2020-06-15 20:17:02.3924|0|OzoMvc.Program|DEBUG|  init main |url: ?|action: 
2020-06-15 20:19:24.6001|0|OzoMvc.Program|DEBUG|  init main |url: ?|action: 
2020-06-15 20:19:58.0875|0|OzoMvc.Program|DEBUG|  init main |url: ?|action: 
2020-06-15 20:22:25.9816|0|OzoMvc.Program|DEBUG|  init main |url: ?|action: 
2020-06-15 20:26:02.7872|0|OzoMvc.Program|DEBUG|  init main |url: ?|action: 
2020-06-15 20:28:30.6107|0|OzoMvc.Program|DEBUG|  init main |url: ?|action: 
2020-06-15 20:29:02.6696|0|OzoMvc.Program|DEBUG|  init main |url: ?|action: 
2020-06-15 20:30:37.7961|0|OzoMvc.Program|DEBUG|  init main |url: ?|action: 
2020-06-15 20:33:08.7117|0|OzoMvc.Program|DEBUG|  init main |url: ?|action: 
2020-06-15 20:35:33.5944|0|OzoMvc.Program|DEBUG|  init main |url: ?|action: 
2020-06-15 20:37:27.0003|0|OzoMvc.Program|DEBUG|  init main |url: ?|action: 
2020-06-15 20:51:02.3680|0|OzoMvc.Program|DEBUG|  init main |url: ?|action: 
2020-06-15 20:52:28.6655|0|OzoMvc.Program|DEBUG|  init main |url: ?|action: 
2020-06-15 20:53:23.1895|0|OzoMvc.Program|DEBUG|  init main |url: ?|action: 
2020-06-15 20:54:33.6805|0|OzoMvc.Program|DEBUG|  init main |url: ?|action: 
2020-06-15 20:54:54.5074|0|OzoMvc.Program|DEBUG|  init main |url: ?|action: 
2020-06-15 20:55:13.6519|0|OzoMvc.Program|DEBUG|  init main |url: ?|action: 
2020-06-15 20:56:12.4465|0|OzoMvc.Program|DEBUG|  init main |url: ?|action: 
2020-06-15 20:56:52.1066|0|OzoMvc.Program|DEBUG|  init main |url: ?|action: 
2020-06-15 20:57:58.4158|0|OzoMvc.Program|DEBUG|  init main |url: ?|action: 
2020-06-15 21:03:58.6273|0|OzoMvc.Program|DEBUG|  init main |url: ?|action: 
2020-06-15 21:05:55.7294|0|OzoMvc.Program|DEBUG|  init main |url: ?|action: 
2020-06-15 21:08:03.5300|0|OzoMvc.Program|DEBUG|  init main |url: ?|action: 
2020-06-15 21:10:44.6238|0|OzoMvc.Program|DEBUG|  init main |url: ?|action: 
2020-06-15 21:15:28.1692|0|OzoMvc.Program|DEBUG|  init main |url: ?|action: 
2020-06-15 21:16:43.7628|0|OzoMvc.Program|DEBUG|  init main |url: ?|action: 
2020-06-15 21:17:16.4141|0|OzoMvc.Program|DEBUG|  init main |url: ?|action: 
2020-06-15 21:18:10.6630|0|OzoMvc.Program|DEBUG|  init main |url: ?|action: 
2020-06-15 21:18:30.1703|0|OzoMvc.Program|DEBUG|  init main |url: ?|action: 
2020-06-15 21:19:14.5643|0|OzoMvc.Program|DEBUG|  init main |url: ?|action: 
2020-06-15 21:25:33.7471|0|OzoMvc.Program|DEBUG|  init main |url: ?|action: 
2020-06-15 21:26:02.5029|1000|OzoMvc.Controllers.PosaoController|INFO|  Posao 63 dodan. |url: https://localhost/Posao/Create?|action: Create
2020-06-15 21:27:41.3760|0|OzoMvc.Program|DEBUG|  init main |url: ?|action: 
2020-06-15 21:29:04.4687|0|OzoMvc.Program|DEBUG|  init main |url: ?|action: 
2020-06-15 21:30:13.4497|0|OzoMvc.Program|DEBUG|  init main |url: ?|action: 
2020-06-15 21:30:57.6450|0|OzoMvc.Program|DEBUG|  init main |url: ?|action: 
2020-06-15 21:31:33.6877|0|OzoMvc.Program|DEBUG|  init main |url: ?|action: 
2020-06-15 21:32:00.2253|0|OzoMvc.Program|DEBUG|  init main |url: ?|action: 
2020-06-15 21:37:09.8601|0|OzoMvc.Program|DEBUG|  init main |url: ?|action: 
2020-06-15 21:37:26.7866|0|OzoMvc.Program|DEBUG|  init main |url: ?|action: 
2020-06-15 21:41:14.7220|0|OzoMvc.Program|DEBUG|  init main |url: ?|action: 
2020-06-15 21:51:05.4535|0|OzoMvc.Program|DEBUG|  init main |url: ?|action: 
2020-06-15 21:52:13.8022|0|OzoMvc.Program|DEBUG|  init main |url: ?|action: 
2020-06-15 21:52:23.1276|0|OzoMvc.Program|DEBUG|  init main |url: ?|action: 
2020-06-15 21:53:31.5415|0|OzoMvc.Program|DEBUG|  init main |url: ?|action: 
2020-06-15 22:04:26.9478|0|OzoMvc.Program|DEBUG|  init main |url: ?|action: 
2020-06-15 22:05:09.2007|0|OzoMvc.Program|DEBUG|  init main |url: ?|action: 
2020-06-15 22:08:41.6640|0|OzoMvc.Program|DEBUG|  init main |url: ?|action: 
2020-06-15 22:09:27.1161|0|OzoMvc.Program|DEBUG|  init main |url: ?|action: 
2020-06-15 22:10:17.4718|0|OzoMvc.Program|DEBUG|  init main |url: ?|action: 
2020-06-15 22:11:05.8513|0|OzoMvc.Program|DEBUG|  init main |url: ?|action: 
2020-06-15 22:14:09.4543|0|OzoMvc.Program|DEBUG|  init main |url: ?|action: 
2020-06-15 22:16:30.4210|0|OzoMvc.Program|DEBUG|  init main |url: ?|action: 
2020-06-15 22:17:43.3500|0|OzoMvc.Program|DEBUG|  init main |url: ?|action: 
2020-06-15 22:18:09.7302|0|OzoMvc.Program|DEBUG|  init main |url: ?|action: 
2020-06-15 22:18:58.4616|0|OzoMvc.Program|DEBUG|  init main |url: ?|action: 
2020-06-15 22:19:41.4044|0|OzoMvc.Program|DEBUG|  init main |url: ?|action: 
2020-06-15 22:20:11.6801|0|OzoMvc.Program|DEBUG|  init main |url: ?|action: 
2020-06-15 22:20:34.5970|0|OzoMvc.Program|DEBUG|  init main |url: ?|action: 
2020-06-15 22:28:49.2866|0|OzoMvc.Program|DEBUG|  init main |url: ?|action: 
2020-06-15 22:29:33.6439|0|OzoMvc.Program|DEBUG|  init main |url: ?|action: 
2020-06-15 22:30:55.5982|0|OzoMvc.Program|DEBUG|  init main |url: ?|action: 
2020-06-15 22:35:54.6961|0|OzoMvc.Program|DEBUG|  init main |url: ?|action: 
2020-06-15 22:36:25.6064|0|OzoMvc.Controllers.PosaoController|ERROR|  Pogreška prilikom dodavanja novog posla: Object reference not set to an instance of an object.
 |url: https://localhost/Posao/Create?|action: Create
2020-06-15 22:36:28.7372|0|OzoMvc.Controllers.PosaoController|ERROR|  Pogreška prilikom dodavanja novog posla: Object reference not set to an instance of an object.
 |url: https://localhost/Posao/Create?|action: Create
2020-06-15 22:36:37.4897|0|OzoMvc.Controllers.PosaoController|ERROR|  Pogreška prilikom dodavanja novog posla: Object reference not set to an instance of an object.
 |url: https://localhost/Posao/Create?|action: Create
2020-06-15 22:36:42.9029|0|OzoMvc.Controllers.PosaoController|ERROR|  Pogreška prilikom dodavanja novog posla: Object reference not set to an instance of an object.
 |url: https://localhost/Posao/Create?|action: Create
2020-06-15 22:42:46.5395|0|OzoMvc.Controllers.PosaoController|ERROR|  Pogreška prilikom dodavanja novog posla: Object reference not set to an instance of an object.
 |url: https://localhost/Posao/Create?|action: Create
2020-06-15 22:43:00.2832|0|OzoMvc.Controllers.PosaoController|ERROR|  Pogreška prilikom dodavanja novog posla: Object reference not set to an instance of an object.
 |url: https://localhost/Posao/Create?|action: Create
2020-06-15 22:43:07.9821|0|OzoMvc.Controllers.PosaoController|ERROR|  Pogreška prilikom dodavanja novog posla: Object reference not set to an instance of an object.
 |url: https://localhost/Posao/Create?|action: Create
2020-06-15 22:43:40.4907|0|OzoMvc.Controllers.PosaoController|ERROR|  Pogreška prilikom dodavanja novog posla: Object reference not set to an instance of an object.
 |url: https://localhost/Posao/Create?|action: Create
2020-06-15 22:43:46.4803|0|OzoMvc.Controllers.PosaoController|ERROR|  Pogreška prilikom dodavanja novog posla: Object reference not set to an instance of an object.
 |url: https://localhost/Posao/Create?|action: Create
2020-06-15 22:44:09.0080|0|OzoMvc.Program|DEBUG|  init main |url: ?|action: 
2020-06-15 22:44:10.5780|0|OzoMvc.Controllers.PosaoController|ERROR|  Pogreška prilikom dodavanja novog posla: Object reference not set to an instance of an object.
 |url: https://localhost/Posao/Create?|action: Create
2020-06-15 22:44:15.9807|0|OzoMvc.Controllers.PosaoController|ERROR|  Pogreška prilikom dodavanja novog posla: Object reference not set to an instance of an object.
 |url: https://localhost/Posao/Create?|action: Create
2020-06-15 22:44:50.8575|0|OzoMvc.Controllers.PosaoController|ERROR|  Pogreška prilikom dodavanja novog posla: Object reference not set to an instance of an object.
 |url: https://localhost/Posao/Create?|action: Create
2020-06-15 22:44:55.8361|0|OzoMvc.Controllers.PosaoController|ERROR|  Pogreška prilikom dodavanja novog posla: Object reference not set to an instance of an object.
 |url: https://localhost/Posao/Create?|action: Create
2020-06-15 22:44:58.3168|0|OzoMvc.Controllers.PosaoController|ERROR|  Pogreška prilikom dodavanja novog posla: Object reference not set to an instance of an object.
 |url: https://localhost/Posao/Create?|action: Create
2020-06-15 22:45:59.3040|0|OzoMvc.Program|DEBUG|  init main |url: ?|action: 
2020-06-15 22:46:25.4666|1000|OzoMvc.Controllers.PosaoController|INFO|  Posao 64 dodan. |url: https://localhost/Posao/Create?|action: Create
2020-06-15 22:46:56.9980|1000|OzoMvc.Controllers.PosaoController|INFO|  Posao 65 dodan. |url: https://localhost/Posao/Create?|action: Create
2020-06-15 22:47:37.2793|0|OzoMvc.Controllers.PosaoController|ERROR|  Pogreška prilikom brisanja posla: An error occurred while updating the entries. See the inner exception for details.
The DELETE statement conflicted with the REFERENCE constraint "FK_posao_oprema_posao". The conflict occurred in database "PI-05", table "dbo.posao_oprema", column 'posao_id'.
The statement has been terminated.
 |url: https://localhost/Posao/Delete?|action: Delete
2020-06-15 22:50:45.8293|0|OzoMvc.Controllers.PosaoController|INFO|  Posao 36 uspješno obrisan |url: https://localhost/Posao/Delete?|action: Delete
2020-06-15 22:50:55.6385|0|OzoMvc.Controllers.PosaoController|INFO|  Posao 64 uspješno obrisan |url: https://localhost/Posao/Delete?|action: Delete
2020-06-15 22:53:26.9591|0|OzoMvc.Program|DEBUG|  init main |url: ?|action: 
2020-06-15 23:11:14.8852|0|OzoMvc.Program|DEBUG|  init main |url: ?|action: 
2020-06-15 23:12:45.2954|0|OzoMvc.Program|DEBUG|  init main |url: ?|action: 
2020-06-15 23:16:48.4615|0|OzoMvc.Program|DEBUG|  init main |url: ?|action: 
2020-06-15 23:20:24.0630|0|OzoMvc.Program|DEBUG|  init main |url: ?|action: 
2020-06-15 23:21:19.1468|0|OzoMvc.Program|DEBUG|  init main |url: ?|action: 
2020-06-15 23:21:53.4366|0|OzoMvc.Program|DEBUG|  init main |url: ?|action: 
2020-06-15 23:25:38.7670|0|OzoMvc.Program|DEBUG|  init main |url: ?|action: 
2020-06-15 23:28:25.0109|0|OzoMvc.Controllers.PosaoController|ERROR|  Pogreška prilikom dodavanja novog posla: Object reference not set to an instance of an object.
 |url: https://localhost/Posao/Create?|action: Create
2020-06-15 23:30:23.3611|0|OzoMvc.Program|DEBUG|  init main |url: ?|action: 
2020-06-15 23:30:25.1222|1000|OzoMvc.Controllers.PosaoController|INFO|  Posao 66 dodan. |url: https://localhost/Posao/Create?|action: Create
2020-06-15 23:38:33.8729|0|OzoMvc.Program|DEBUG|  init main |url: ?|action: 
2020-06-15 23:38:58.7948|1000|OzoMvc.Controllers.PosaoController|INFO|  Posao 67 dodan. |url: https://localhost/Posao/Create?|action: Create
2020-06-15 23:40:29.6021|0|OzoMvc.Program|DEBUG|  init main |url: ?|action: 
2020-06-15 23:40:36.8712|0|OzoMvc.Controllers.PosaoController|INFO|  Posao 61 uspješno obrisan |url: https://localhost/Posao/Delete?|action: Delete
2020-06-15 23:40:43.8666|0|OzoMvc.Controllers.PosaoController|INFO|  Posao 11 uspješno obrisan |url: https://localhost/Posao/Delete?|action: Delete
