2020-05-27 19:21:13.2557|0|OzoMvc.Program|DEBUG|init main 
2020-05-27 19:21:13.8900|0|Microsoft.Hosting.Lifetime|INFO|Application started. Press Ctrl+C to shut down. 
2020-05-27 19:21:13.8900|0|Microsoft.Hosting.Lifetime|INFO|Hosting environment: Development 
2020-05-27 19:21:13.8993|0|Microsoft.Hosting.Lifetime|INFO|Content root path: C:\Users\Pero\Desktop\OzoMvc 
2020-05-27 19:21:25.2692|3|Microsoft.AspNetCore.Mvc.ViewFeatures.ViewResultExecutor|ERROR|The view 'Edit' was not found. Searched locations: /Views/Posao/Edit.cshtml, /Views/Shared/Edit.cshtml 
2020-05-27 19:21:25.2925|1|Microsoft.AspNetCore.Diagnostics.DeveloperExceptionPageMiddleware|ERROR|An unhandled exception has occurred while executing the request. The view 'Edit' was not found. The following locations were searched:
/Views/Posao/Edit.cshtml
/Views/Shared/Edit.cshtml
2020-05-27 19:21:54.0001|0|OzoMvc.Program|DEBUG|init main 
2020-05-27 19:21:54.3010|0|Microsoft.Hosting.Lifetime|INFO|Application started. Press Ctrl+C to shut down. 
2020-05-27 19:21:54.3010|0|Microsoft.Hosting.Lifetime|INFO|Hosting environment: Development 
2020-05-27 19:21:54.3098|0|Microsoft.Hosting.Lifetime|INFO|Content root path: C:\Users\Pero\Desktop\OzoMvc 
2020-05-27 19:21:59.9195|3|Microsoft.AspNetCore.Mvc.ViewFeatures.ViewResultExecutor|ERROR|The view 'Create' was not found. Searched locations: /Views/Posao/Create.cshtml, /Views/Shared/Create.cshtml 
2020-05-27 19:21:59.9436|1|Microsoft.AspNetCore.Diagnostics.DeveloperExceptionPageMiddleware|ERROR|An unhandled exception has occurred while executing the request. The view 'Create' was not found. The following locations were searched:
/Views/Posao/Create.cshtml
/Views/Shared/Create.cshtml
2020-05-27 19:22:59.9131|0|OzoMvc.Program|DEBUG|init main 
2020-05-27 19:23:00.2018|0|Microsoft.Hosting.Lifetime|INFO|Application started. Press Ctrl+C to shut down. 
2020-05-27 19:23:00.2018|0|Microsoft.Hosting.Lifetime|INFO|Hosting environment: Development 
2020-05-27 19:23:00.2105|0|Microsoft.Hosting.Lifetime|INFO|Content root path: C:\Users\Pero\Desktop\OzoMvc 
2020-05-27 19:23:03.0531|1|Microsoft.AspNetCore.Diagnostics.DeveloperExceptionPageMiddleware|ERROR|An unhandled exception has occurred while executing the request. Object reference not set to an instance of an object.
2020-05-27 19:24:39.4792|0|OzoMvc.Program|DEBUG|init main 
2020-05-27 19:24:39.7726|0|Microsoft.Hosting.Lifetime|INFO|Application started. Press Ctrl+C to shut down. 
2020-05-27 19:24:39.7754|0|Microsoft.Hosting.Lifetime|INFO|Hosting environment: Development 
2020-05-27 19:24:39.7754|0|Microsoft.Hosting.Lifetime|INFO|Content root path: C:\Users\Pero\Desktop\OzoMvc 
2020-05-27 19:24:43.0212|1|Microsoft.AspNetCore.Diagnostics.DeveloperExceptionPageMiddleware|ERROR|An unhandled exception has occurred while executing the request. Object reference not set to an instance of an object.
2020-05-27 19:29:10.1860|0|OzoMvc.Program|DEBUG|init main 
2020-05-27 19:29:10.7131|0|Microsoft.Hosting.Lifetime|INFO|Application started. Press Ctrl+C to shut down. 
2020-05-27 19:29:10.7131|0|Microsoft.Hosting.Lifetime|INFO|Hosting environment: Development 
2020-05-27 19:29:10.7288|0|Microsoft.Hosting.Lifetime|INFO|Content root path: C:\Users\Pero\Desktop\OzoMvc 
2020-05-27 19:29:14.4086|1|Microsoft.AspNetCore.Diagnostics.DeveloperExceptionPageMiddleware|ERROR|An unhandled exception has occurred while executing the request. Object reference not set to an instance of an object.
2020-05-27 19:35:33.3600|0|OzoMvc.Program|DEBUG|init main 
2020-05-27 19:35:33.6623|0|Microsoft.Hosting.Lifetime|INFO|Application started. Press Ctrl+C to shut down. 
2020-05-27 19:35:33.6651|0|Microsoft.Hosting.Lifetime|INFO|Hosting environment: Development 
2020-05-27 19:35:33.6651|0|Microsoft.Hosting.Lifetime|INFO|Content root path: C:\Users\Pero\Desktop\OzoMvc 
2020-05-27 19:35:59.6609|20102|Microsoft.EntityFrameworkCore.Database.Command|ERROR|Failed executing DbCommand (40ms) [Parameters=[@p0='?' (DbType = Int32), @p1='?' (DbType = Double), @p2='?' (DbType = Int32), @p3='?' (DbType = Double), @p4='?' (DbType = Int32), @p5='?' (DbType = DateTime)], CommandType='Text', CommandTimeout='30']
SET NOCOUNT ON;
INSERT INTO [posao] ([id], [cijena], [mjesto_id], [troskovi], [usluga_id], [vrijeme])
VALUES (@p0, @p1, @p2, @p3, @p4, @p5); 
2020-05-27 19:35:59.7037|10000|Microsoft.EntityFrameworkCore.Update|ERROR|An exception occurred in the database while saving changes for context type 'OzoMvc.Models.PI05Context'.
Microsoft.EntityFrameworkCore.DbUpdateException: An error occurred while updating the entries. See the inner exception for details.
 ---> Microsoft.Data.SqlClient.SqlException (0x80131904): Cannot insert explicit value for identity column in table 'posao' when IDENTITY_INSERT is set to OFF.
   at Microsoft.Data.SqlClient.SqlConnection.OnError(SqlException exception, Boolean breakConnection, Action`1 wrapCloseInAction)
   at Microsoft.Data.SqlClient.SqlInternalConnection.OnError(SqlException exception, Boolean breakConnection, Action`1 wrapCloseInAction)
   at Microsoft.Data.SqlClient.TdsParser.ThrowExceptionAndWarning(TdsParserStateObject stateObj, Boolean callerHasConnectionLock, Boolean asyncClose)
   at Microsoft.Data.SqlClient.TdsParser.TryRun(RunBehavior runBehavior, SqlCommand cmdHandler, SqlDataReader dataStream, BulkCopySimpleResultSet bulkCopyHandler, TdsParserStateObject stateObj, Boolean& dataReady)
   at Microsoft.Data.SqlClient.SqlDataReader.TryConsumeMetaData()
   at Microsoft.Data.SqlClient.SqlDataReader.get_MetaData()
   at Microsoft.Data.SqlClient.SqlCommand.FinishExecuteReader(SqlDataReader ds, RunBehavior runBehavior, String resetOptionsString, Boolean isInternal, Boolean forDescribeParameterEncryption, Boolean shouldCacheForAlwaysEncrypted)
   at Microsoft.Data.SqlClient.SqlCommand.RunExecuteReaderTds(CommandBehavior cmdBehavior, RunBehavior runBehavior, Boolean returnStream, Boolean isAsync, Int32 timeout, Task& task, Boolean asyncWrite, Boolean inRetry, SqlDataReader ds, Boolean describeParameterEncryptionRequest)
   at Microsoft.Data.SqlClient.SqlCommand.RunExecuteReader(CommandBehavior cmdBehavior, RunBehavior runBehavior, Boolean returnStream, TaskCompletionSource`1 completion, Int32 timeout, Task& task, Boolean& usedCache, Boolean asyncWrite, Boolean inRetry, String method)
   at Microsoft.Data.SqlClient.SqlCommand.RunExecuteReader(CommandBehavior cmdBehavior, RunBehavior runBehavior, Boolean returnStream, String method)
   at Microsoft.Data.SqlClient.SqlCommand.ExecuteReader(CommandBehavior behavior)
   at Microsoft.Data.SqlClient.SqlCommand.ExecuteDbDataReader(CommandBehavior behavior)
   at System.Data.Common.DbCommand.ExecuteReader()
   at Microsoft.EntityFrameworkCore.Storage.RelationalCommand.ExecuteReader(RelationalCommandParameterObject parameterObject)
   at Microsoft.EntityFrameworkCore.Update.ReaderModificationCommandBatch.Execute(IRelationalConnection connection)
ClientConnectionId:aed45d3a-8457-4b0a-972e-279bbf6ecb1b
Error Number:544,State:1,Class:16
   --- End of inner exception stack trace ---
   at Microsoft.EntityFrameworkCore.Update.ReaderModificationCommandBatch.Execute(IRelationalConnection connection)
   at Microsoft.EntityFrameworkCore.Update.Internal.BatchExecutor.Execute(IEnumerable`1 commandBatches, IRelationalConnection connection)
   at Microsoft.EntityFrameworkCore.Storage.RelationalDatabase.SaveChanges(IList`1 entries)
   at Microsoft.EntityFrameworkCore.ChangeTracking.Internal.StateManager.SaveChanges(IList`1 entriesToSave)
   at Microsoft.EntityFrameworkCore.ChangeTracking.Internal.StateManager.SaveChanges(DbContext _, Boolean acceptAllChangesOnSuccess)
   at Microsoft.EntityFrameworkCore.SqlServer.Storage.Internal.SqlServerExecutionStrategy.Execute[TState,TResult](TState state, Func`3 operation, Func`3 verifySucceeded)
   at Microsoft.EntityFrameworkCore.ChangeTracking.Internal.StateManager.SaveChanges(Boolean acceptAllChangesOnSuccess)
   at Microsoft.EntityFrameworkCore.DbContext.SaveChanges(Boolean acceptAllChangesOnSuccess) An error occurred while updating the entries. See the inner exception for details.
2020-05-27 19:35:59.7037|0|OzoMvc.Controllers.PosaoController|ERROR|Pogreška prilikom dodavanja novog posla: An error occurred while updating the entries. See the inner exception for details.
Cannot insert explicit value for identity column in table 'posao' when IDENTITY_INSERT is set to OFF.
 
2020-05-27 19:36:16.5149|20102|Microsoft.EntityFrameworkCore.Database.Command|ERROR|Failed executing DbCommand (18ms) [Parameters=[@p0='?' (DbType = Int32), @p1='?' (DbType = Double), @p2='?' (DbType = Int32), @p3='?' (DbType = Double), @p4='?' (DbType = Int32), @p5='?' (DbType = DateTime)], CommandType='Text', CommandTimeout='30']
SET NOCOUNT ON;
INSERT INTO [posao] ([id], [cijena], [mjesto_id], [troskovi], [usluga_id], [vrijeme])
VALUES (@p0, @p1, @p2, @p3, @p4, @p5); 
2020-05-27 19:36:16.5382|10000|Microsoft.EntityFrameworkCore.Update|ERROR|An exception occurred in the database while saving changes for context type 'OzoMvc.Models.PI05Context'.
Microsoft.EntityFrameworkCore.DbUpdateException: An error occurred while updating the entries. See the inner exception for details.
 ---> Microsoft.Data.SqlClient.SqlException (0x80131904): Cannot insert explicit value for identity column in table 'posao' when IDENTITY_INSERT is set to OFF.
   at Microsoft.Data.SqlClient.SqlConnection.OnError(SqlException exception, Boolean breakConnection, Action`1 wrapCloseInAction)
   at Microsoft.Data.SqlClient.SqlInternalConnection.OnError(SqlException exception, Boolean breakConnection, Action`1 wrapCloseInAction)
   at Microsoft.Data.SqlClient.TdsParser.ThrowExceptionAndWarning(TdsParserStateObject stateObj, Boolean callerHasConnectionLock, Boolean asyncClose)
   at Microsoft.Data.SqlClient.TdsParser.TryRun(RunBehavior runBehavior, SqlCommand cmdHandler, SqlDataReader dataStream, BulkCopySimpleResultSet bulkCopyHandler, TdsParserStateObject stateObj, Boolean& dataReady)
   at Microsoft.Data.SqlClient.SqlDataReader.TryConsumeMetaData()
   at Microsoft.Data.SqlClient.SqlDataReader.get_MetaData()
   at Microsoft.Data.SqlClient.SqlCommand.FinishExecuteReader(SqlDataReader ds, RunBehavior runBehavior, String resetOptionsString, Boolean isInternal, Boolean forDescribeParameterEncryption, Boolean shouldCacheForAlwaysEncrypted)
   at Microsoft.Data.SqlClient.SqlCommand.RunExecuteReaderTds(CommandBehavior cmdBehavior, RunBehavior runBehavior, Boolean returnStream, Boolean isAsync, Int32 timeout, Task& task, Boolean asyncWrite, Boolean inRetry, SqlDataReader ds, Boolean describeParameterEncryptionRequest)
   at Microsoft.Data.SqlClient.SqlCommand.RunExecuteReader(CommandBehavior cmdBehavior, RunBehavior runBehavior, Boolean returnStream, TaskCompletionSource`1 completion, Int32 timeout, Task& task, Boolean& usedCache, Boolean asyncWrite, Boolean inRetry, String method)
   at Microsoft.Data.SqlClient.SqlCommand.RunExecuteReader(CommandBehavior cmdBehavior, RunBehavior runBehavior, Boolean returnStream, String method)
   at Microsoft.Data.SqlClient.SqlCommand.ExecuteReader(CommandBehavior behavior)
   at Microsoft.Data.SqlClient.SqlCommand.ExecuteDbDataReader(CommandBehavior behavior)
   at System.Data.Common.DbCommand.ExecuteReader()
   at Microsoft.EntityFrameworkCore.Storage.RelationalCommand.ExecuteReader(RelationalCommandParameterObject parameterObject)
   at Microsoft.EntityFrameworkCore.Update.ReaderModificationCommandBatch.Execute(IRelationalConnection connection)
ClientConnectionId:aed45d3a-8457-4b0a-972e-279bbf6ecb1b
Error Number:544,State:1,Class:16
   --- End of inner exception stack trace ---
   at Microsoft.EntityFrameworkCore.Update.ReaderModificationCommandBatch.Execute(IRelationalConnection connection)
   at Microsoft.EntityFrameworkCore.Update.Internal.BatchExecutor.Execute(IEnumerable`1 commandBatches, IRelationalConnection connection)
   at Microsoft.EntityFrameworkCore.Storage.RelationalDatabase.SaveChanges(IList`1 entries)
   at Microsoft.EntityFrameworkCore.ChangeTracking.Internal.StateManager.SaveChanges(IList`1 entriesToSave)
   at Microsoft.EntityFrameworkCore.ChangeTracking.Internal.StateManager.SaveChanges(DbContext _, Boolean acceptAllChangesOnSuccess)
   at Microsoft.EntityFrameworkCore.SqlServer.Storage.Internal.SqlServerExecutionStrategy.Execute[TState,TResult](TState state, Func`3 operation, Func`3 verifySucceeded)
   at Microsoft.EntityFrameworkCore.ChangeTracking.Internal.StateManager.SaveChanges(Boolean acceptAllChangesOnSuccess)
   at Microsoft.EntityFrameworkCore.DbContext.SaveChanges(Boolean acceptAllChangesOnSuccess) An error occurred while updating the entries. See the inner exception for details.
2020-05-27 19:36:16.5382|0|OzoMvc.Controllers.PosaoController|ERROR|Pogreška prilikom dodavanja novog posla: An error occurred while updating the entries. See the inner exception for details.
Cannot insert explicit value for identity column in table 'posao' when IDENTITY_INSERT is set to OFF.
 
2020-05-27 19:37:22.5022|0|OzoMvc.Program|DEBUG|init main 
2020-05-27 19:37:22.9888|0|Microsoft.Hosting.Lifetime|INFO|Application started. Press Ctrl+C to shut down. 
2020-05-27 19:37:22.9936|0|Microsoft.Hosting.Lifetime|INFO|Hosting environment: Development 
2020-05-27 19:37:22.9936|0|Microsoft.Hosting.Lifetime|INFO|Content root path: C:\Users\Pero\Desktop\OzoMvc 
2020-05-27 19:37:36.5712|1000|OzoMvc.Controllers.PosaoController|INFO|Posao 3 dodan. 
2020-05-27 19:38:37.9457|0|OzoMvc.Controllers.PosaoController|WARN|Ne postoji posao s oznakom: 0  
2020-05-27 19:38:43.0193|0|OzoMvc.Controllers.PosaoController|WARN|Ne postoji posao s oznakom: 0  
2020-05-27 19:38:43.9583|0|OzoMvc.Controllers.PosaoController|WARN|Ne postoji posao s oznakom: 0  
2020-05-27 19:38:47.2031|0|OzoMvc.Controllers.PosaoController|WARN|Ne postoji posao s oznakom: 0  
2020-05-27 19:38:48.6615|0|OzoMvc.Controllers.PosaoController|WARN|Ne postoji posao s oznakom: 0  
2020-05-27 19:38:56.0798|3|Microsoft.AspNetCore.Mvc.ViewFeatures.ViewResultExecutor|ERROR|The view 'Edit' was not found. Searched locations: /Views/Posao/Edit.cshtml, /Views/Shared/Edit.cshtml 
2020-05-27 19:38:56.1152|1|Microsoft.AspNetCore.Diagnostics.DeveloperExceptionPageMiddleware|ERROR|An unhandled exception has occurred while executing the request. The view 'Edit' was not found. The following locations were searched:
/Views/Posao/Edit.cshtml
/Views/Shared/Edit.cshtml
2020-05-27 19:42:43.0683|0|OzoMvc.Program|DEBUG|init main 
2020-05-27 19:42:43.5713|0|Microsoft.Hosting.Lifetime|INFO|Application started. Press Ctrl+C to shut down. 
2020-05-27 19:42:43.5713|0|Microsoft.Hosting.Lifetime|INFO|Hosting environment: Development 
2020-05-27 19:42:43.5886|0|Microsoft.Hosting.Lifetime|INFO|Content root path: C:\Users\Pero\Desktop\OzoMvc 
2020-05-27 19:44:04.4628|0|OzoMvc.Program|DEBUG|init main 
2020-05-27 19:44:04.9488|0|Microsoft.Hosting.Lifetime|INFO|Application started. Press Ctrl+C to shut down. 
2020-05-27 19:44:04.9488|0|Microsoft.Hosting.Lifetime|INFO|Hosting environment: Development 
2020-05-27 19:44:04.9628|0|Microsoft.Hosting.Lifetime|INFO|Content root path: C:\Users\Pero\Desktop\OzoMvc 
2020-05-27 19:44:29.0968|0|OzoMvc.Controllers.PosaoController|WARN|Ne postoji posao s oznakom: 0  
2020-05-27 19:44:31.3672|0|OzoMvc.Controllers.PosaoController|WARN|Ne postoji posao s oznakom: 0  
2020-05-27 19:47:02.4128|0|OzoMvc.Program|DEBUG|init main 
2020-05-27 19:47:02.7108|0|Microsoft.Hosting.Lifetime|INFO|Application started. Press Ctrl+C to shut down. 
2020-05-27 19:47:02.7108|0|Microsoft.Hosting.Lifetime|INFO|Hosting environment: Development 
2020-05-27 19:47:02.7108|0|Microsoft.Hosting.Lifetime|INFO|Content root path: C:\Users\Pero\Desktop\OzoMvc 
2020-05-27 19:47:07.7700|0|OzoMvc.Controllers.PosaoController|WARN|Ne postoji posao s oznakom: 0  
2020-05-27 19:47:08.9352|0|OzoMvc.Controllers.PosaoController|WARN|Ne postoji posao s oznakom: 0  
2020-05-27 19:47:09.6280|0|OzoMvc.Controllers.PosaoController|WARN|Ne postoji posao s oznakom: 0  
2020-05-27 19:47:10.2575|0|OzoMvc.Controllers.PosaoController|WARN|Ne postoji posao s oznakom: 0  
2020-05-27 19:47:10.6658|0|OzoMvc.Controllers.PosaoController|WARN|Ne postoji posao s oznakom: 0  
2020-05-27 19:47:11.1273|0|OzoMvc.Controllers.PosaoController|WARN|Ne postoji posao s oznakom: 0  
2020-05-27 19:47:12.7138|0|OzoMvc.Controllers.PosaoController|WARN|Ne postoji posao s oznakom: 0  
2020-05-27 19:47:13.5235|0|OzoMvc.Controllers.PosaoController|WARN|Ne postoji posao s oznakom: 0  
2020-05-27 19:47:13.9365|0|OzoMvc.Controllers.PosaoController|WARN|Ne postoji posao s oznakom: 0  
2020-05-27 19:51:26.6583|0|OzoMvc.Controllers.PosaoController|WARN|Ne postoji posao s oznakom: 0  
2020-05-27 19:55:07.7623|0|OzoMvc.Program|DEBUG|init main 
2020-05-27 19:55:08.2518|0|Microsoft.Hosting.Lifetime|INFO|Application started. Press Ctrl+C to shut down. 
2020-05-27 19:55:08.2518|0|Microsoft.Hosting.Lifetime|INFO|Hosting environment: Development 
2020-05-27 19:55:08.2665|0|Microsoft.Hosting.Lifetime|INFO|Content root path: C:\Users\Pero\Desktop\OzoMvc 
2020-05-27 19:55:14.9988|0|OzoMvc.Controllers.PosaoController|WARN|Ne postoji posao s oznakom: 0  
2020-05-27 19:55:47.4245|0|OzoMvc.Controllers.PosaoController|WARN|Ne postoji posao s oznakom: 0  
2020-05-27 19:55:51.1694|0|OzoMvc.Controllers.PosaoController|WARN|Ne postoji posao s oznakom: 0  
2020-05-27 19:57:06.5536|0|OzoMvc.Program|DEBUG|init main 
2020-05-27 19:57:06.8437|0|Microsoft.Hosting.Lifetime|INFO|Application started. Press Ctrl+C to shut down. 
2020-05-27 19:57:06.8437|0|Microsoft.Hosting.Lifetime|INFO|Hosting environment: Development 
2020-05-27 19:57:06.8527|0|Microsoft.Hosting.Lifetime|INFO|Content root path: C:\Users\Pero\Desktop\OzoMvc 
2020-05-27 19:57:12.5567|0|OzoMvc.Controllers.PosaoController|INFO|Posao 3 uspješno obrisan 
2020-05-27 20:01:00.1700|0|OzoMvc.Program|DEBUG|init main 
2020-05-27 20:01:00.4630|0|Microsoft.Hosting.Lifetime|INFO|Application started. Press Ctrl+C to shut down. 
2020-05-27 20:01:00.4630|0|Microsoft.Hosting.Lifetime|INFO|Hosting environment: Development 
2020-05-27 20:01:00.4630|0|Microsoft.Hosting.Lifetime|INFO|Content root path: C:\Users\Pero\Desktop\OzoMvc 
2020-05-27 20:01:24.1387|1000|OzoMvc.Controllers.PosaoController|INFO|Posao 4 dodan. 
2020-05-27 20:02:21.0973|0|OzoMvc.Program|DEBUG|init main 
2020-05-27 20:02:21.3980|0|Microsoft.Hosting.Lifetime|INFO|Application started. Press Ctrl+C to shut down. 
2020-05-27 20:02:21.3980|0|Microsoft.Hosting.Lifetime|INFO|Hosting environment: Development 
2020-05-27 20:02:21.3980|0|Microsoft.Hosting.Lifetime|INFO|Content root path: C:\Users\Pero\Desktop\OzoMvc 
