2020-06-15 13:53:24.9708|0|OzoMvc.Program|DEBUG|init main 
2020-06-15 13:53:27.4008|0|Microsoft.Hosting.Lifetime|INFO|Application started. Press Ctrl+C to shut down. 
2020-06-15 13:53:27.4060|0|Microsoft.Hosting.Lifetime|INFO|Hosting environment: Development 
2020-06-15 13:53:27.4060|0|Microsoft.Hosting.Lifetime|INFO|Content root path: C:\Users\Pero\Desktop\OzoMvc 
2020-06-15 13:54:13.2227|1000|OzoMvc.Controllers.PosaoController|INFO|Posao 58 dodan. 
2020-06-15 13:54:40.3638|0|OzoMvc.Controllers.PosaoController|ERROR|Pogreška prilikom dodavanja novog posla: Object reference not set to an instance of an object.
 
2020-06-15 19:41:44.7106|0|OzoMvc.Program|DEBUG|init main 
2020-06-15 19:41:46.9890|0|Microsoft.Hosting.Lifetime|INFO|Application started. Press Ctrl+C to shut down. 
2020-06-15 19:41:46.9940|0|Microsoft.Hosting.Lifetime|INFO|Hosting environment: Development 
2020-06-15 19:41:46.9940|0|Microsoft.Hosting.Lifetime|INFO|Content root path: C:\Users\Pero\Desktop\OzoMvc 
2020-06-15 19:43:24.5045|0|OzoMvc.Program|DEBUG|init main 
2020-06-15 19:43:24.8256|0|Microsoft.Hosting.Lifetime|INFO|Application started. Press Ctrl+C to shut down. 
2020-06-15 19:43:24.8256|0|Microsoft.Hosting.Lifetime|INFO|Hosting environment: Development 
2020-06-15 19:43:24.8343|0|Microsoft.Hosting.Lifetime|INFO|Content root path: C:\Users\Pero\Desktop\OzoMvc 
2020-06-15 19:44:04.2995|0|OzoMvc.Program|DEBUG|init main 
2020-06-15 19:44:04.6249|0|Microsoft.Hosting.Lifetime|INFO|Application started. Press Ctrl+C to shut down. 
2020-06-15 19:44:04.6249|0|Microsoft.Hosting.Lifetime|INFO|Hosting environment: Development 
2020-06-15 19:44:04.6340|0|Microsoft.Hosting.Lifetime|INFO|Content root path: C:\Users\Pero\Desktop\OzoMvc 
2020-06-15 19:50:55.5593|0|OzoMvc.Program|DEBUG|init main 
2020-06-15 19:50:55.8899|0|Microsoft.Hosting.Lifetime|INFO|Application started. Press Ctrl+C to shut down. 
2020-06-15 19:50:55.8899|0|Microsoft.Hosting.Lifetime|INFO|Hosting environment: Development 
2020-06-15 19:50:55.8987|0|Microsoft.Hosting.Lifetime|INFO|Content root path: C:\Users\Pero\Desktop\OzoMvc 
2020-06-15 19:51:29.3953|1000|OzoMvc.Controllers.PosaoController|INFO|Posao 59 dodan. 
2020-06-15 19:54:00.8818|0|OzoMvc.Program|DEBUG|init main 
2020-06-15 19:54:01.2266|0|Microsoft.Hosting.Lifetime|INFO|Application started. Press Ctrl+C to shut down. 
2020-06-15 19:54:01.2266|0|Microsoft.Hosting.Lifetime|INFO|Hosting environment: Development 
2020-06-15 19:54:01.2266|0|Microsoft.Hosting.Lifetime|INFO|Content root path: C:\Users\Pero\Desktop\OzoMvc 
2020-06-15 19:54:31.9594|0|OzoMvc.Controllers.PosaoController|ERROR|Pogreška prilikom dodavanja novog posla: Object reference not set to an instance of an object.
 
2020-06-15 19:54:38.8787|0|OzoMvc.Controllers.PosaoController|ERROR|Pogreška prilikom dodavanja novog posla: Object reference not set to an instance of an object.
 
2020-06-15 19:55:46.8445|0|OzoMvc.Program|DEBUG|init main 
2020-06-15 19:55:47.2233|0|Microsoft.Hosting.Lifetime|INFO|Application started. Press Ctrl+C to shut down. 
2020-06-15 19:55:47.2265|0|Microsoft.Hosting.Lifetime|INFO|Hosting environment: Development 
2020-06-15 19:55:47.2265|0|Microsoft.Hosting.Lifetime|INFO|Content root path: C:\Users\Pero\Desktop\OzoMvc 
2020-06-15 19:57:42.3464|0|OzoMvc.Controllers.PosaoController|ERROR|Pogreška prilikom dodavanja novog posla: Object reference not set to an instance of an object.
 
2020-06-15 19:57:47.9092|0|OzoMvc.Controllers.PosaoController|ERROR|Pogreška prilikom dodavanja novog posla: Object reference not set to an instance of an object.
 
2020-06-15 19:57:52.3090|0|OzoMvc.Controllers.PosaoController|ERROR|Pogreška prilikom dodavanja novog posla: Object reference not set to an instance of an object.
 
2020-06-15 19:59:36.0258|0|OzoMvc.Program|DEBUG|init main 
2020-06-15 19:59:36.3588|0|Microsoft.Hosting.Lifetime|INFO|Application started. Press Ctrl+C to shut down. 
2020-06-15 19:59:36.3588|0|Microsoft.Hosting.Lifetime|INFO|Hosting environment: Development 
2020-06-15 19:59:36.3676|0|Microsoft.Hosting.Lifetime|INFO|Content root path: C:\Users\Pero\Desktop\OzoMvc 
2020-06-15 19:59:37.6132|0|OzoMvc.Controllers.PosaoController|ERROR|Pogreška prilikom dodavanja novog posla: Object reference not set to an instance of an object.
 
2020-06-15 20:04:17.3937|0|OzoMvc.Program|DEBUG|init main 
2020-06-15 20:04:17.7233|0|Microsoft.Hosting.Lifetime|INFO|Application started. Press Ctrl+C to shut down. 
2020-06-15 20:04:17.7264|0|Microsoft.Hosting.Lifetime|INFO|Hosting environment: Development 
2020-06-15 20:04:17.7264|0|Microsoft.Hosting.Lifetime|INFO|Content root path: C:\Users\Pero\Desktop\OzoMvc 
2020-06-15 20:04:40.8621|1000|OzoMvc.Controllers.PosaoController|INFO|Posao 60 dodan. 
2020-06-15 20:06:09.8641|0|OzoMvc.Program|DEBUG|init main 
2020-06-15 20:06:10.2058|0|Microsoft.Hosting.Lifetime|INFO|Application started. Press Ctrl+C to shut down. 
2020-06-15 20:06:10.2058|0|Microsoft.Hosting.Lifetime|INFO|Hosting environment: Development 
2020-06-15 20:06:10.2147|0|Microsoft.Hosting.Lifetime|INFO|Content root path: C:\Users\Pero\Desktop\OzoMvc 
2020-06-15 20:06:37.4565|1000|OzoMvc.Controllers.PosaoController|INFO|Posao 61 dodan. 
2020-06-15 20:11:01.8472|0|OzoMvc.Program|DEBUG|init main 
2020-06-15 20:11:02.1800|0|Microsoft.Hosting.Lifetime|INFO|Application started. Press Ctrl+C to shut down. 
2020-06-15 20:11:02.1800|0|Microsoft.Hosting.Lifetime|INFO|Hosting environment: Development 
2020-06-15 20:11:02.1800|0|Microsoft.Hosting.Lifetime|INFO|Content root path: C:\Users\Pero\Desktop\OzoMvc 
2020-06-15 20:11:23.2042|0|OzoMvc.Controllers.PosaoController|ERROR|Pogreška prilikom dodavanja novog posla: Object reference not set to an instance of an object.
 
2020-06-15 20:11:27.7418|0|OzoMvc.Controllers.PosaoController|ERROR|Pogreška prilikom dodavanja novog posla: Object reference not set to an instance of an object.
 
2020-06-15 20:11:31.8311|0|OzoMvc.Controllers.PosaoController|ERROR|Pogreška prilikom dodavanja novog posla: Object reference not set to an instance of an object.
 
2020-06-15 20:12:04.1163|0|OzoMvc.Program|DEBUG|init main 
2020-06-15 20:12:04.4499|0|Microsoft.Hosting.Lifetime|INFO|Application started. Press Ctrl+C to shut down. 
2020-06-15 20:12:04.4499|0|Microsoft.Hosting.Lifetime|INFO|Hosting environment: Development 
2020-06-15 20:12:04.4587|0|Microsoft.Hosting.Lifetime|INFO|Content root path: C:\Users\Pero\Desktop\OzoMvc 
2020-06-15 20:12:36.6525|0|OzoMvc.Controllers.PosaoController|ERROR|Pogreška prilikom dodavanja novog posla: The entity type 'PosaoViewModel' was not found. Ensure that the entity type has been added to the model.
 
2020-06-15 20:14:01.3324|0|OzoMvc.Program|DEBUG|init main 
2020-06-15 20:14:01.6624|0|Microsoft.Hosting.Lifetime|INFO|Application started. Press Ctrl+C to shut down. 
2020-06-15 20:14:01.6624|0|Microsoft.Hosting.Lifetime|INFO|Hosting environment: Development 
2020-06-15 20:14:01.6624|0|Microsoft.Hosting.Lifetime|INFO|Content root path: C:\Users\Pero\Desktop\OzoMvc 
2020-06-15 20:14:02.8350|0|OzoMvc.Controllers.PosaoController|ERROR|Pogreška prilikom dodavanja novog posla: The entity type 'PosaoViewModel' was not found. Ensure that the entity type has been added to the model.
 
2020-06-15 20:14:08.6041|0|OzoMvc.Controllers.PosaoController|ERROR|Pogreška prilikom dodavanja novog posla: The entity type 'PosaoViewModel' was not found. Ensure that the entity type has been added to the model.
 
2020-06-15 20:14:29.3226|0|OzoMvc.Program|DEBUG|init main 
2020-06-15 20:14:29.7094|0|Microsoft.Hosting.Lifetime|INFO|Application started. Press Ctrl+C to shut down. 
2020-06-15 20:14:29.7094|0|Microsoft.Hosting.Lifetime|INFO|Hosting environment: Development 
2020-06-15 20:14:29.7094|0|Microsoft.Hosting.Lifetime|INFO|Content root path: C:\Users\Pero\Desktop\OzoMvc 
2020-06-15 20:14:30.9760|0|OzoMvc.Controllers.PosaoController|ERROR|Pogreška prilikom dodavanja novog posla: Object reference not set to an instance of an object.
 
2020-06-15 20:14:55.5772|1000|OzoMvc.Controllers.PosaoController|INFO|Posao 62 dodan. 
2020-06-15 20:17:02.3924|0|OzoMvc.Program|DEBUG|init main 
2020-06-15 20:17:02.7310|0|Microsoft.Hosting.Lifetime|INFO|Application started. Press Ctrl+C to shut down. 
2020-06-15 20:17:02.7310|0|Microsoft.Hosting.Lifetime|INFO|Hosting environment: Development 
2020-06-15 20:17:02.7310|0|Microsoft.Hosting.Lifetime|INFO|Content root path: C:\Users\Pero\Desktop\OzoMvc 
2020-06-15 20:17:05.8412|1|Microsoft.AspNetCore.Diagnostics.DeveloperExceptionPageMiddleware|ERROR|An unhandled exception has occurred while executing the request. Object reference not set to an instance of an object.
2020-06-15 20:19:24.6001|0|OzoMvc.Program|DEBUG|init main 
2020-06-15 20:19:24.9310|0|Microsoft.Hosting.Lifetime|INFO|Application started. Press Ctrl+C to shut down. 
2020-06-15 20:19:24.9310|0|Microsoft.Hosting.Lifetime|INFO|Hosting environment: Development 
2020-06-15 20:19:24.9310|0|Microsoft.Hosting.Lifetime|INFO|Content root path: C:\Users\Pero\Desktop\OzoMvc 
2020-06-15 20:19:26.1947|1|Microsoft.AspNetCore.Diagnostics.DeveloperExceptionPageMiddleware|ERROR|An unhandled exception has occurred while executing the request. Object reference not set to an instance of an object.
2020-06-15 20:19:58.0875|0|OzoMvc.Program|DEBUG|init main 
2020-06-15 20:19:58.4241|0|Microsoft.Hosting.Lifetime|INFO|Application started. Press Ctrl+C to shut down. 
2020-06-15 20:19:58.4241|0|Microsoft.Hosting.Lifetime|INFO|Hosting environment: Development 
2020-06-15 20:19:58.4332|0|Microsoft.Hosting.Lifetime|INFO|Content root path: C:\Users\Pero\Desktop\OzoMvc 
2020-06-15 20:22:25.9816|0|OzoMvc.Program|DEBUG|init main 
2020-06-15 20:22:26.3176|0|Microsoft.Hosting.Lifetime|INFO|Application started. Press Ctrl+C to shut down. 
2020-06-15 20:22:26.3209|0|Microsoft.Hosting.Lifetime|INFO|Hosting environment: Development 
2020-06-15 20:22:26.3209|0|Microsoft.Hosting.Lifetime|INFO|Content root path: C:\Users\Pero\Desktop\OzoMvc 
2020-06-15 20:22:27.5489|1|Microsoft.AspNetCore.Diagnostics.DeveloperExceptionPageMiddleware|ERROR|An unhandled exception has occurred while executing the request. Object reference not set to an instance of an object.
2020-06-15 20:26:02.7872|0|OzoMvc.Program|DEBUG|init main 
2020-06-15 20:26:03.1205|0|Microsoft.Hosting.Lifetime|INFO|Application started. Press Ctrl+C to shut down. 
2020-06-15 20:26:03.1205|0|Microsoft.Hosting.Lifetime|INFO|Hosting environment: Development 
2020-06-15 20:26:03.1205|0|Microsoft.Hosting.Lifetime|INFO|Content root path: C:\Users\Pero\Desktop\OzoMvc 
2020-06-15 20:26:04.3907|1|Microsoft.AspNetCore.Diagnostics.DeveloperExceptionPageMiddleware|ERROR|An unhandled exception has occurred while executing the request. Object reference not set to an instance of an object.
2020-06-15 20:28:30.6107|0|OzoMvc.Program|DEBUG|init main 
2020-06-15 20:28:30.9169|0|Microsoft.Hosting.Lifetime|INFO|Application started. Press Ctrl+C to shut down. 
2020-06-15 20:28:30.9169|0|Microsoft.Hosting.Lifetime|INFO|Hosting environment: Development 
2020-06-15 20:28:30.9169|0|Microsoft.Hosting.Lifetime|INFO|Content root path: C:\Users\Pero\Desktop\OzoMvc 
2020-06-15 20:28:32.2114|1|Microsoft.AspNetCore.Diagnostics.DeveloperExceptionPageMiddleware|ERROR|An unhandled exception has occurred while executing the request. Object reference not set to an instance of an object.
2020-06-15 20:28:37.9985|1|Microsoft.AspNetCore.Diagnostics.DeveloperExceptionPageMiddleware|ERROR|An unhandled exception has occurred while executing the request. Object reference not set to an instance of an object.
2020-06-15 20:29:02.6696|0|OzoMvc.Program|DEBUG|init main 
2020-06-15 20:29:03.0092|0|Microsoft.Hosting.Lifetime|INFO|Application started. Press Ctrl+C to shut down. 
2020-06-15 20:29:03.0092|0|Microsoft.Hosting.Lifetime|INFO|Hosting environment: Development 
2020-06-15 20:29:03.0092|0|Microsoft.Hosting.Lifetime|INFO|Content root path: C:\Users\Pero\Desktop\OzoMvc 
2020-06-15 20:29:04.2352|1|Microsoft.AspNetCore.Diagnostics.DeveloperExceptionPageMiddleware|ERROR|An unhandled exception has occurred while executing the request. Object reference not set to an instance of an object.
2020-06-15 20:30:37.7961|0|OzoMvc.Program|DEBUG|init main 
2020-06-15 20:30:38.1297|0|Microsoft.Hosting.Lifetime|INFO|Application started. Press Ctrl+C to shut down. 
2020-06-15 20:30:38.1327|0|Microsoft.Hosting.Lifetime|INFO|Hosting environment: Development 
2020-06-15 20:30:38.1327|0|Microsoft.Hosting.Lifetime|INFO|Content root path: C:\Users\Pero\Desktop\OzoMvc 
2020-06-15 20:33:08.7117|0|OzoMvc.Program|DEBUG|init main 
2020-06-15 20:33:09.0409|0|Microsoft.Hosting.Lifetime|INFO|Application started. Press Ctrl+C to shut down. 
2020-06-15 20:33:09.0409|0|Microsoft.Hosting.Lifetime|INFO|Hosting environment: Development 
2020-06-15 20:33:09.0409|0|Microsoft.Hosting.Lifetime|INFO|Content root path: C:\Users\Pero\Desktop\OzoMvc 
2020-06-15 20:33:10.2221|1|Microsoft.AspNetCore.Diagnostics.DeveloperExceptionPageMiddleware|ERROR|An unhandled exception has occurred while executing the request. Object reference not set to an instance of an object.
2020-06-15 20:35:33.5944|0|OzoMvc.Program|DEBUG|init main 
2020-06-15 20:35:33.9364|0|Microsoft.Hosting.Lifetime|INFO|Application started. Press Ctrl+C to shut down. 
2020-06-15 20:35:33.9364|0|Microsoft.Hosting.Lifetime|INFO|Hosting environment: Development 
2020-06-15 20:35:33.9473|0|Microsoft.Hosting.Lifetime|INFO|Content root path: C:\Users\Pero\Desktop\OzoMvc 
2020-06-15 20:37:27.0003|0|OzoMvc.Program|DEBUG|init main 
2020-06-15 20:37:27.3371|0|Microsoft.Hosting.Lifetime|INFO|Application started. Press Ctrl+C to shut down. 
2020-06-15 20:37:27.3371|0|Microsoft.Hosting.Lifetime|INFO|Hosting environment: Development 
2020-06-15 20:37:27.3371|0|Microsoft.Hosting.Lifetime|INFO|Content root path: C:\Users\Pero\Desktop\OzoMvc 
2020-06-15 20:51:02.3680|0|OzoMvc.Program|DEBUG|init main 
2020-06-15 20:51:02.6960|0|Microsoft.Hosting.Lifetime|INFO|Application started. Press Ctrl+C to shut down. 
2020-06-15 20:51:02.6960|0|Microsoft.Hosting.Lifetime|INFO|Hosting environment: Development 
2020-06-15 20:51:02.6960|0|Microsoft.Hosting.Lifetime|INFO|Content root path: C:\Users\Pero\Desktop\OzoMvc 
2020-06-15 20:51:06.8097|1|Microsoft.AspNetCore.Diagnostics.DeveloperExceptionPageMiddleware|ERROR|An unhandled exception has occurred while executing the request. EF.Property called with wrong property name.
2020-06-15 20:52:28.6655|0|OzoMvc.Program|DEBUG|init main 
2020-06-15 20:52:28.9814|0|Microsoft.Hosting.Lifetime|INFO|Application started. Press Ctrl+C to shut down. 
2020-06-15 20:52:28.9814|0|Microsoft.Hosting.Lifetime|INFO|Hosting environment: Development 
2020-06-15 20:52:28.9898|0|Microsoft.Hosting.Lifetime|INFO|Content root path: C:\Users\Pero\Desktop\OzoMvc 
2020-06-15 20:52:31.8783|1|Microsoft.AspNetCore.Diagnostics.DeveloperExceptionPageMiddleware|ERROR|An unhandled exception has occurred while executing the request. EF.Property called with wrong property name.
2020-06-15 20:53:23.1895|0|OzoMvc.Program|DEBUG|init main 
2020-06-15 20:53:23.5121|0|Microsoft.Hosting.Lifetime|INFO|Application started. Press Ctrl+C to shut down. 
2020-06-15 20:53:23.5121|0|Microsoft.Hosting.Lifetime|INFO|Hosting environment: Development 
2020-06-15 20:53:23.5121|0|Microsoft.Hosting.Lifetime|INFO|Content root path: C:\Users\Pero\Desktop\OzoMvc 
2020-06-15 20:53:26.0385|1|Microsoft.AspNetCore.Diagnostics.DeveloperExceptionPageMiddleware|ERROR|An unhandled exception has occurred while executing the request. Reference equality is not defined for the types 'OzoMvc.Models.Posao' and 'Microsoft.EntityFrameworkCore.Query.Internal.EntityQueryable`1[OzoMvc.Models.Posao]'.
2020-06-15 20:54:33.6805|0|OzoMvc.Program|DEBUG|init main 
2020-06-15 20:54:34.0130|0|Microsoft.Hosting.Lifetime|INFO|Application started. Press Ctrl+C to shut down. 
2020-06-15 20:54:34.0130|0|Microsoft.Hosting.Lifetime|INFO|Hosting environment: Development 
2020-06-15 20:54:34.0216|0|Microsoft.Hosting.Lifetime|INFO|Content root path: C:\Users\Pero\Desktop\OzoMvc 
2020-06-15 20:54:54.5074|0|OzoMvc.Program|DEBUG|init main 
2020-06-15 20:54:54.8282|0|Microsoft.Hosting.Lifetime|INFO|Application started. Press Ctrl+C to shut down. 
2020-06-15 20:54:54.8282|0|Microsoft.Hosting.Lifetime|INFO|Hosting environment: Development 
2020-06-15 20:54:54.8368|0|Microsoft.Hosting.Lifetime|INFO|Content root path: C:\Users\Pero\Desktop\OzoMvc 
2020-06-15 20:55:13.6519|0|OzoMvc.Program|DEBUG|init main 
2020-06-15 20:55:13.9734|0|Microsoft.Hosting.Lifetime|INFO|Application started. Press Ctrl+C to shut down. 
2020-06-15 20:55:13.9768|0|Microsoft.Hosting.Lifetime|INFO|Hosting environment: Development 
2020-06-15 20:55:13.9768|0|Microsoft.Hosting.Lifetime|INFO|Content root path: C:\Users\Pero\Desktop\OzoMvc 
2020-06-15 20:56:12.4465|0|OzoMvc.Program|DEBUG|init main 
2020-06-15 20:56:12.7713|0|Microsoft.Hosting.Lifetime|INFO|Application started. Press Ctrl+C to shut down. 
2020-06-15 20:56:12.7713|0|Microsoft.Hosting.Lifetime|INFO|Hosting environment: Development 
2020-06-15 20:56:12.7713|0|Microsoft.Hosting.Lifetime|INFO|Content root path: C:\Users\Pero\Desktop\OzoMvc 
2020-06-15 20:56:52.1066|0|OzoMvc.Program|DEBUG|init main 
2020-06-15 20:56:52.4204|0|Microsoft.Hosting.Lifetime|INFO|Application started. Press Ctrl+C to shut down. 
2020-06-15 20:56:52.4204|0|Microsoft.Hosting.Lifetime|INFO|Hosting environment: Development 
2020-06-15 20:56:52.4294|0|Microsoft.Hosting.Lifetime|INFO|Content root path: C:\Users\Pero\Desktop\OzoMvc 
2020-06-15 20:57:58.4158|0|OzoMvc.Program|DEBUG|init main 
2020-06-15 20:57:58.7465|0|Microsoft.Hosting.Lifetime|INFO|Application started. Press Ctrl+C to shut down. 
2020-06-15 20:57:58.7465|0|Microsoft.Hosting.Lifetime|INFO|Hosting environment: Development 
2020-06-15 20:57:58.7465|0|Microsoft.Hosting.Lifetime|INFO|Content root path: C:\Users\Pero\Desktop\OzoMvc 
2020-06-15 21:03:58.6273|0|OzoMvc.Program|DEBUG|init main 
2020-06-15 21:03:59.1685|0|Microsoft.Hosting.Lifetime|INFO|Application started. Press Ctrl+C to shut down. 
2020-06-15 21:03:59.1685|0|Microsoft.Hosting.Lifetime|INFO|Hosting environment: Development 
2020-06-15 21:03:59.1821|0|Microsoft.Hosting.Lifetime|INFO|Content root path: C:\Users\Pero\Desktop\OzoMvc 
2020-06-15 21:04:01.0433|1|Microsoft.AspNetCore.Diagnostics.DeveloperExceptionPageMiddleware|ERROR|An unhandled exception has occurred while executing the request. Object reference not set to an instance of an object.
2020-06-15 21:05:55.7294|0|OzoMvc.Program|DEBUG|init main 
2020-06-15 21:05:56.0601|0|Microsoft.Hosting.Lifetime|INFO|Application started. Press Ctrl+C to shut down. 
2020-06-15 21:05:56.0601|0|Microsoft.Hosting.Lifetime|INFO|Hosting environment: Development 
2020-06-15 21:05:56.0686|0|Microsoft.Hosting.Lifetime|INFO|Content root path: C:\Users\Pero\Desktop\OzoMvc 
2020-06-15 21:08:03.5300|0|OzoMvc.Program|DEBUG|init main 
2020-06-15 21:08:03.8595|0|Microsoft.Hosting.Lifetime|INFO|Application started. Press Ctrl+C to shut down. 
2020-06-15 21:08:03.8595|0|Microsoft.Hosting.Lifetime|INFO|Hosting environment: Development 
2020-06-15 21:08:03.8694|0|Microsoft.Hosting.Lifetime|INFO|Content root path: C:\Users\Pero\Desktop\OzoMvc 
2020-06-15 21:08:04.9598|1|Microsoft.AspNetCore.Diagnostics.DeveloperExceptionPageMiddleware|ERROR|An unhandled exception has occurred while executing the request. Object reference not set to an instance of an object.
2020-06-15 21:10:44.6238|0|OzoMvc.Program|DEBUG|init main 
2020-06-15 21:10:44.9487|0|Microsoft.Hosting.Lifetime|INFO|Application started. Press Ctrl+C to shut down. 
2020-06-15 21:10:44.9487|0|Microsoft.Hosting.Lifetime|INFO|Hosting environment: Development 
2020-06-15 21:10:44.9487|0|Microsoft.Hosting.Lifetime|INFO|Content root path: C:\Users\Pero\Desktop\OzoMvc 
2020-06-15 21:10:46.0529|1|Microsoft.AspNetCore.Diagnostics.DeveloperExceptionPageMiddleware|ERROR|An unhandled exception has occurred while executing the request. Object reference not set to an instance of an object.
2020-06-15 21:15:28.1692|0|OzoMvc.Program|DEBUG|init main 
2020-06-15 21:15:28.7032|0|Microsoft.Hosting.Lifetime|INFO|Application started. Press Ctrl+C to shut down. 
2020-06-15 21:15:28.7032|0|Microsoft.Hosting.Lifetime|INFO|Hosting environment: Development 
2020-06-15 21:15:28.7182|0|Microsoft.Hosting.Lifetime|INFO|Content root path: C:\Users\Pero\Desktop\OzoMvc 
2020-06-15 21:16:43.7628|0|OzoMvc.Program|DEBUG|init main 
2020-06-15 21:16:44.2658|0|Microsoft.Hosting.Lifetime|INFO|Application started. Press Ctrl+C to shut down. 
2020-06-15 21:16:44.2658|0|Microsoft.Hosting.Lifetime|INFO|Hosting environment: Development 
2020-06-15 21:16:44.2806|0|Microsoft.Hosting.Lifetime|INFO|Content root path: C:\Users\Pero\Desktop\OzoMvc 
2020-06-15 21:17:16.4141|0|OzoMvc.Program|DEBUG|init main 
2020-06-15 21:17:16.7302|0|Microsoft.Hosting.Lifetime|INFO|Application started. Press Ctrl+C to shut down. 
2020-06-15 21:17:16.7302|0|Microsoft.Hosting.Lifetime|INFO|Hosting environment: Development 
2020-06-15 21:17:16.7302|0|Microsoft.Hosting.Lifetime|INFO|Content root path: C:\Users\Pero\Desktop\OzoMvc 
2020-06-15 21:18:10.6630|0|OzoMvc.Program|DEBUG|init main 
2020-06-15 21:18:10.9940|0|Microsoft.Hosting.Lifetime|INFO|Application started. Press Ctrl+C to shut down. 
2020-06-15 21:18:10.9940|0|Microsoft.Hosting.Lifetime|INFO|Hosting environment: Development 
2020-06-15 21:18:10.9940|0|Microsoft.Hosting.Lifetime|INFO|Content root path: C:\Users\Pero\Desktop\OzoMvc 
2020-06-15 21:18:30.1703|0|OzoMvc.Program|DEBUG|init main 
2020-06-15 21:18:30.4944|0|Microsoft.Hosting.Lifetime|INFO|Application started. Press Ctrl+C to shut down. 
2020-06-15 21:18:30.4944|0|Microsoft.Hosting.Lifetime|INFO|Hosting environment: Development 
2020-06-15 21:18:30.4944|0|Microsoft.Hosting.Lifetime|INFO|Content root path: C:\Users\Pero\Desktop\OzoMvc 
2020-06-15 21:19:14.5643|0|OzoMvc.Program|DEBUG|init main 
2020-06-15 21:19:14.8940|0|Microsoft.Hosting.Lifetime|INFO|Application started. Press Ctrl+C to shut down. 
2020-06-15 21:19:14.8974|0|Microsoft.Hosting.Lifetime|INFO|Hosting environment: Development 
2020-06-15 21:19:14.8974|0|Microsoft.Hosting.Lifetime|INFO|Content root path: C:\Users\Pero\Desktop\OzoMvc 
2020-06-15 21:19:16.2038|1|Microsoft.AspNetCore.Diagnostics.DeveloperExceptionPageMiddleware|ERROR|An unhandled exception has occurred while executing the request. Object reference not set to an instance of an object.
2020-06-15 21:25:33.7471|0|OzoMvc.Program|DEBUG|init main 
2020-06-15 21:25:34.2839|0|Microsoft.Hosting.Lifetime|INFO|Application started. Press Ctrl+C to shut down. 
2020-06-15 21:25:34.2886|0|Microsoft.Hosting.Lifetime|INFO|Hosting environment: Development 
2020-06-15 21:25:34.2886|0|Microsoft.Hosting.Lifetime|INFO|Content root path: C:\Users\Pero\Desktop\OzoMvc 
2020-06-15 21:26:02.5029|1000|OzoMvc.Controllers.PosaoController|INFO|Posao 63 dodan. 
2020-06-15 21:27:41.3760|0|OzoMvc.Program|DEBUG|init main 
2020-06-15 21:27:41.7017|0|Microsoft.Hosting.Lifetime|INFO|Application started. Press Ctrl+C to shut down. 
2020-06-15 21:27:41.7017|0|Microsoft.Hosting.Lifetime|INFO|Hosting environment: Development 
2020-06-15 21:27:41.7121|0|Microsoft.Hosting.Lifetime|INFO|Content root path: C:\Users\Pero\Desktop\OzoMvc 
2020-06-15 21:29:04.4687|0|OzoMvc.Program|DEBUG|init main 
2020-06-15 21:29:04.7923|0|Microsoft.Hosting.Lifetime|INFO|Application started. Press Ctrl+C to shut down. 
2020-06-15 21:29:04.7923|0|Microsoft.Hosting.Lifetime|INFO|Hosting environment: Development 
2020-06-15 21:29:04.7923|0|Microsoft.Hosting.Lifetime|INFO|Content root path: C:\Users\Pero\Desktop\OzoMvc 
2020-06-15 21:30:13.4497|0|OzoMvc.Program|DEBUG|init main 
2020-06-15 21:30:13.7954|0|Microsoft.Hosting.Lifetime|INFO|Application started. Press Ctrl+C to shut down. 
2020-06-15 21:30:13.7954|0|Microsoft.Hosting.Lifetime|INFO|Hosting environment: Development 
2020-06-15 21:30:13.8045|0|Microsoft.Hosting.Lifetime|INFO|Content root path: C:\Users\Pero\Desktop\OzoMvc 
2020-06-15 21:30:57.6450|0|OzoMvc.Program|DEBUG|init main 
2020-06-15 21:30:57.9657|0|Microsoft.Hosting.Lifetime|INFO|Application started. Press Ctrl+C to shut down. 
2020-06-15 21:30:57.9657|0|Microsoft.Hosting.Lifetime|INFO|Hosting environment: Development 
2020-06-15 21:30:57.9657|0|Microsoft.Hosting.Lifetime|INFO|Content root path: C:\Users\Pero\Desktop\OzoMvc 
2020-06-15 21:31:33.6877|0|OzoMvc.Program|DEBUG|init main 
2020-06-15 21:31:34.0161|0|Microsoft.Hosting.Lifetime|INFO|Application started. Press Ctrl+C to shut down. 
2020-06-15 21:31:34.0161|0|Microsoft.Hosting.Lifetime|INFO|Hosting environment: Development 
2020-06-15 21:31:34.0261|0|Microsoft.Hosting.Lifetime|INFO|Content root path: C:\Users\Pero\Desktop\OzoMvc 
2020-06-15 21:32:00.2253|0|OzoMvc.Program|DEBUG|init main 
2020-06-15 21:32:00.5546|0|Microsoft.Hosting.Lifetime|INFO|Application started. Press Ctrl+C to shut down. 
2020-06-15 21:32:00.5546|0|Microsoft.Hosting.Lifetime|INFO|Hosting environment: Development 
2020-06-15 21:32:00.5546|0|Microsoft.Hosting.Lifetime|INFO|Content root path: C:\Users\Pero\Desktop\OzoMvc 
2020-06-15 21:37:09.8601|0|OzoMvc.Program|DEBUG|init main 
2020-06-15 21:37:10.4122|0|Microsoft.Hosting.Lifetime|INFO|Application started. Press Ctrl+C to shut down. 
2020-06-15 21:37:10.4122|0|Microsoft.Hosting.Lifetime|INFO|Hosting environment: Development 
2020-06-15 21:37:10.4122|0|Microsoft.Hosting.Lifetime|INFO|Content root path: C:\Users\Pero\Desktop\OzoMvc 
2020-06-15 21:37:12.5059|1|Microsoft.AspNetCore.Diagnostics.DeveloperExceptionPageMiddleware|ERROR|An unhandled exception has occurred while executing the request. Object reference not set to an instance of an object.
2020-06-15 21:37:26.7866|0|OzoMvc.Program|DEBUG|init main 
2020-06-15 21:37:27.3153|0|Microsoft.Hosting.Lifetime|INFO|Application started. Press Ctrl+C to shut down. 
2020-06-15 21:37:27.3203|0|Microsoft.Hosting.Lifetime|INFO|Hosting environment: Development 
2020-06-15 21:37:27.3203|0|Microsoft.Hosting.Lifetime|INFO|Content root path: C:\Users\Pero\Desktop\OzoMvc 
2020-06-15 21:37:29.3605|1|Microsoft.AspNetCore.Diagnostics.DeveloperExceptionPageMiddleware|ERROR|An unhandled exception has occurred while executing the request. Object reference not set to an instance of an object.
2020-06-15 21:41:14.7220|0|OzoMvc.Program|DEBUG|init main 
2020-06-15 21:41:15.0563|0|Microsoft.Hosting.Lifetime|INFO|Application started. Press Ctrl+C to shut down. 
2020-06-15 21:41:15.0563|0|Microsoft.Hosting.Lifetime|INFO|Hosting environment: Development 
2020-06-15 21:41:15.0563|0|Microsoft.Hosting.Lifetime|INFO|Content root path: C:\Users\Pero\Desktop\OzoMvc 
2020-06-15 21:41:16.1179|1|Microsoft.AspNetCore.Diagnostics.DeveloperExceptionPageMiddleware|ERROR|An unhandled exception has occurred while executing the request. Invalid include path: 'zaposlenik' - couldn't find navigation for: 'zaposlenik'
2020-06-15 21:51:05.4535|0|OzoMvc.Program|DEBUG|init main 
2020-06-15 21:51:05.9972|0|Microsoft.Hosting.Lifetime|INFO|Application started. Press Ctrl+C to shut down. 
2020-06-15 21:51:05.9972|0|Microsoft.Hosting.Lifetime|INFO|Hosting environment: Development 
2020-06-15 21:51:06.0122|0|Microsoft.Hosting.Lifetime|INFO|Content root path: C:\Users\Pero\Desktop\OzoMvc 
2020-06-15 21:51:08.0608|1|Microsoft.AspNetCore.Diagnostics.DeveloperExceptionPageMiddleware|ERROR|An unhandled exception has occurred while executing the request. Object reference not set to an instance of an object.
2020-06-15 21:52:13.8022|0|OzoMvc.Program|DEBUG|init main 
2020-06-15 21:52:14.3547|0|Microsoft.Hosting.Lifetime|INFO|Application started. Press Ctrl+C to shut down. 
2020-06-15 21:52:14.3547|0|Microsoft.Hosting.Lifetime|INFO|Hosting environment: Development 
2020-06-15 21:52:14.3688|0|Microsoft.Hosting.Lifetime|INFO|Content root path: C:\Users\Pero\Desktop\OzoMvc 
2020-06-15 21:52:16.4540|1|Microsoft.AspNetCore.Diagnostics.DeveloperExceptionPageMiddleware|ERROR|An unhandled exception has occurred while executing the request. Object reference not set to an instance of an object.
2020-06-15 21:52:23.1276|0|OzoMvc.Program|DEBUG|init main 
2020-06-15 21:52:23.4517|0|Microsoft.Hosting.Lifetime|INFO|Application started. Press Ctrl+C to shut down. 
2020-06-15 21:52:23.4517|0|Microsoft.Hosting.Lifetime|INFO|Hosting environment: Development 
2020-06-15 21:52:23.4600|0|Microsoft.Hosting.Lifetime|INFO|Content root path: C:\Users\Pero\Desktop\OzoMvc 
2020-06-15 21:53:31.5415|0|OzoMvc.Program|DEBUG|init main 
2020-06-15 21:53:31.8717|0|Microsoft.Hosting.Lifetime|INFO|Application started. Press Ctrl+C to shut down. 
2020-06-15 21:53:31.8717|0|Microsoft.Hosting.Lifetime|INFO|Hosting environment: Development 
2020-06-15 21:53:31.8805|0|Microsoft.Hosting.Lifetime|INFO|Content root path: C:\Users\Pero\Desktop\OzoMvc 
2020-06-15 21:53:33.1612|1|Microsoft.AspNetCore.Diagnostics.DeveloperExceptionPageMiddleware|ERROR|An unhandled exception has occurred while executing the request. Object reference not set to an instance of an object.
2020-06-15 22:04:26.9478|0|OzoMvc.Program|DEBUG|init main 
2020-06-15 22:04:27.5022|0|Microsoft.Hosting.Lifetime|INFO|Application started. Press Ctrl+C to shut down. 
2020-06-15 22:04:27.5089|0|Microsoft.Hosting.Lifetime|INFO|Hosting environment: Development 
2020-06-15 22:04:27.5089|0|Microsoft.Hosting.Lifetime|INFO|Content root path: C:\Users\Pero\Desktop\OzoMvc 
2020-06-15 22:05:09.2007|0|OzoMvc.Program|DEBUG|init main 
2020-06-15 22:05:09.7504|0|Microsoft.Hosting.Lifetime|INFO|Application started. Press Ctrl+C to shut down. 
2020-06-15 22:05:09.7553|0|Microsoft.Hosting.Lifetime|INFO|Hosting environment: Development 
2020-06-15 22:05:09.7553|0|Microsoft.Hosting.Lifetime|INFO|Content root path: C:\Users\Pero\Desktop\OzoMvc 
2020-06-15 22:05:11.7999|1|Microsoft.AspNetCore.Diagnostics.DeveloperExceptionPageMiddleware|ERROR|An unhandled exception has occurred while executing the request. Object reference not set to an instance of an object.
2020-06-15 22:08:41.6640|0|OzoMvc.Program|DEBUG|init main 
2020-06-15 22:08:41.9554|0|Microsoft.Hosting.Lifetime|INFO|Application started. Press Ctrl+C to shut down. 
2020-06-15 22:08:41.9554|0|Microsoft.Hosting.Lifetime|INFO|Hosting environment: Development 
2020-06-15 22:08:41.9641|0|Microsoft.Hosting.Lifetime|INFO|Content root path: C:\Users\Pero\Desktop\OzoMvc 
2020-06-15 22:08:43.2618|1|Microsoft.AspNetCore.Diagnostics.DeveloperExceptionPageMiddleware|ERROR|An unhandled exception has occurred while executing the request. Object reference not set to an instance of an object.
2020-06-15 22:09:27.1161|0|OzoMvc.Program|DEBUG|init main 
2020-06-15 22:09:27.4477|0|Microsoft.Hosting.Lifetime|INFO|Application started. Press Ctrl+C to shut down. 
2020-06-15 22:09:27.4477|0|Microsoft.Hosting.Lifetime|INFO|Hosting environment: Development 
2020-06-15 22:09:27.4477|0|Microsoft.Hosting.Lifetime|INFO|Content root path: C:\Users\Pero\Desktop\OzoMvc 
2020-06-15 22:10:17.4718|0|OzoMvc.Program|DEBUG|init main 
2020-06-15 22:10:17.7999|0|Microsoft.Hosting.Lifetime|INFO|Application started. Press Ctrl+C to shut down. 
2020-06-15 22:10:17.8032|0|Microsoft.Hosting.Lifetime|INFO|Hosting environment: Development 
2020-06-15 22:10:17.8032|0|Microsoft.Hosting.Lifetime|INFO|Content root path: C:\Users\Pero\Desktop\OzoMvc 
2020-06-15 22:11:05.8513|0|OzoMvc.Program|DEBUG|init main 
2020-06-15 22:11:06.1724|0|Microsoft.Hosting.Lifetime|INFO|Application started. Press Ctrl+C to shut down. 
2020-06-15 22:11:06.1724|0|Microsoft.Hosting.Lifetime|INFO|Hosting environment: Development 
2020-06-15 22:11:06.1812|0|Microsoft.Hosting.Lifetime|INFO|Content root path: C:\Users\Pero\Desktop\OzoMvc 
2020-06-15 22:14:09.4543|0|OzoMvc.Program|DEBUG|init main 
2020-06-15 22:14:09.7904|0|Microsoft.Hosting.Lifetime|INFO|Application started. Press Ctrl+C to shut down. 
2020-06-15 22:14:09.7904|0|Microsoft.Hosting.Lifetime|INFO|Hosting environment: Development 
2020-06-15 22:14:09.7904|0|Microsoft.Hosting.Lifetime|INFO|Content root path: C:\Users\Pero\Desktop\OzoMvc 
2020-06-15 22:16:30.4210|0|OzoMvc.Program|DEBUG|init main 
2020-06-15 22:16:30.7455|0|Microsoft.Hosting.Lifetime|INFO|Application started. Press Ctrl+C to shut down. 
2020-06-15 22:16:30.7455|0|Microsoft.Hosting.Lifetime|INFO|Hosting environment: Development 
2020-06-15 22:16:30.7455|0|Microsoft.Hosting.Lifetime|INFO|Content root path: C:\Users\Pero\Desktop\OzoMvc 
2020-06-15 22:17:43.3500|0|OzoMvc.Program|DEBUG|init main 
2020-06-15 22:17:43.6823|0|Microsoft.Hosting.Lifetime|INFO|Application started. Press Ctrl+C to shut down. 
2020-06-15 22:17:43.6823|0|Microsoft.Hosting.Lifetime|INFO|Hosting environment: Development 
2020-06-15 22:17:43.6823|0|Microsoft.Hosting.Lifetime|INFO|Content root path: C:\Users\Pero\Desktop\OzoMvc 
2020-06-15 22:18:09.7302|0|OzoMvc.Program|DEBUG|init main 
2020-06-15 22:18:10.0556|0|Microsoft.Hosting.Lifetime|INFO|Application started. Press Ctrl+C to shut down. 
2020-06-15 22:18:10.0556|0|Microsoft.Hosting.Lifetime|INFO|Hosting environment: Development 
2020-06-15 22:18:10.0556|0|Microsoft.Hosting.Lifetime|INFO|Content root path: C:\Users\Pero\Desktop\OzoMvc 
2020-06-15 22:18:58.4616|0|OzoMvc.Program|DEBUG|init main 
2020-06-15 22:18:58.8099|0|Microsoft.Hosting.Lifetime|INFO|Application started. Press Ctrl+C to shut down. 
2020-06-15 22:18:58.8099|0|Microsoft.Hosting.Lifetime|INFO|Hosting environment: Development 
2020-06-15 22:18:58.8099|0|Microsoft.Hosting.Lifetime|INFO|Content root path: C:\Users\Pero\Desktop\OzoMvc 
2020-06-15 22:19:41.4044|0|OzoMvc.Program|DEBUG|init main 
2020-06-15 22:19:41.7391|0|Microsoft.Hosting.Lifetime|INFO|Application started. Press Ctrl+C to shut down. 
2020-06-15 22:19:41.7420|0|Microsoft.Hosting.Lifetime|INFO|Hosting environment: Development 
2020-06-15 22:19:41.7420|0|Microsoft.Hosting.Lifetime|INFO|Content root path: C:\Users\Pero\Desktop\OzoMvc 
2020-06-15 22:20:11.6801|0|OzoMvc.Program|DEBUG|init main 
2020-06-15 22:20:12.0028|0|Microsoft.Hosting.Lifetime|INFO|Application started. Press Ctrl+C to shut down. 
2020-06-15 22:20:12.0062|0|Microsoft.Hosting.Lifetime|INFO|Hosting environment: Development 
2020-06-15 22:20:12.0062|0|Microsoft.Hosting.Lifetime|INFO|Content root path: C:\Users\Pero\Desktop\OzoMvc 
2020-06-15 22:20:34.5970|0|OzoMvc.Program|DEBUG|init main 
2020-06-15 22:20:34.9259|0|Microsoft.Hosting.Lifetime|INFO|Application started. Press Ctrl+C to shut down. 
2020-06-15 22:20:34.9289|0|Microsoft.Hosting.Lifetime|INFO|Hosting environment: Development 
2020-06-15 22:20:34.9289|0|Microsoft.Hosting.Lifetime|INFO|Content root path: C:\Users\Pero\Desktop\OzoMvc 
2020-06-15 22:28:49.2866|0|OzoMvc.Program|DEBUG|init main 
2020-06-15 22:28:49.8553|0|Microsoft.Hosting.Lifetime|INFO|Application started. Press Ctrl+C to shut down. 
2020-06-15 22:28:49.8553|0|Microsoft.Hosting.Lifetime|INFO|Hosting environment: Development 
2020-06-15 22:28:49.8696|0|Microsoft.Hosting.Lifetime|INFO|Content root path: C:\Users\Pero\Desktop\OzoMvc 
2020-06-15 22:29:33.6439|0|OzoMvc.Program|DEBUG|init main 
2020-06-15 22:29:34.1848|0|Microsoft.Hosting.Lifetime|INFO|Application started. Press Ctrl+C to shut down. 
2020-06-15 22:29:34.1848|0|Microsoft.Hosting.Lifetime|INFO|Hosting environment: Development 
2020-06-15 22:29:34.2016|0|Microsoft.Hosting.Lifetime|INFO|Content root path: C:\Users\Pero\Desktop\OzoMvc 
2020-06-15 22:30:55.5982|0|OzoMvc.Program|DEBUG|init main 
2020-06-15 22:30:55.9280|0|Microsoft.Hosting.Lifetime|INFO|Application started. Press Ctrl+C to shut down. 
2020-06-15 22:30:55.9280|0|Microsoft.Hosting.Lifetime|INFO|Hosting environment: Development 
2020-06-15 22:30:55.9280|0|Microsoft.Hosting.Lifetime|INFO|Content root path: C:\Users\Pero\Desktop\OzoMvc 
2020-06-15 22:35:54.6961|0|OzoMvc.Program|DEBUG|init main 
2020-06-15 22:35:55.0316|0|Microsoft.Hosting.Lifetime|INFO|Application started. Press Ctrl+C to shut down. 
2020-06-15 22:35:55.0316|0|Microsoft.Hosting.Lifetime|INFO|Hosting environment: Development 
2020-06-15 22:35:55.0399|0|Microsoft.Hosting.Lifetime|INFO|Content root path: C:\Users\Pero\Desktop\OzoMvc 
2020-06-15 22:36:25.6064|0|OzoMvc.Controllers.PosaoController|ERROR|Pogreška prilikom dodavanja novog posla: Object reference not set to an instance of an object.
 
2020-06-15 22:36:28.7372|0|OzoMvc.Controllers.PosaoController|ERROR|Pogreška prilikom dodavanja novog posla: Object reference not set to an instance of an object.
 
2020-06-15 22:36:37.4897|0|OzoMvc.Controllers.PosaoController|ERROR|Pogreška prilikom dodavanja novog posla: Object reference not set to an instance of an object.
 
2020-06-15 22:36:42.9029|0|OzoMvc.Controllers.PosaoController|ERROR|Pogreška prilikom dodavanja novog posla: Object reference not set to an instance of an object.
 
2020-06-15 22:42:46.5395|0|OzoMvc.Controllers.PosaoController|ERROR|Pogreška prilikom dodavanja novog posla: Object reference not set to an instance of an object.
 
2020-06-15 22:43:00.2832|0|OzoMvc.Controllers.PosaoController|ERROR|Pogreška prilikom dodavanja novog posla: Object reference not set to an instance of an object.
 
2020-06-15 22:43:07.9821|0|OzoMvc.Controllers.PosaoController|ERROR|Pogreška prilikom dodavanja novog posla: Object reference not set to an instance of an object.
 
2020-06-15 22:43:40.4907|0|OzoMvc.Controllers.PosaoController|ERROR|Pogreška prilikom dodavanja novog posla: Object reference not set to an instance of an object.
 
2020-06-15 22:43:46.4803|0|OzoMvc.Controllers.PosaoController|ERROR|Pogreška prilikom dodavanja novog posla: Object reference not set to an instance of an object.
 
2020-06-15 22:44:09.0080|0|OzoMvc.Program|DEBUG|init main 
2020-06-15 22:44:09.3266|0|Microsoft.Hosting.Lifetime|INFO|Application started. Press Ctrl+C to shut down. 
2020-06-15 22:44:09.3266|0|Microsoft.Hosting.Lifetime|INFO|Hosting environment: Development 
2020-06-15 22:44:09.3359|0|Microsoft.Hosting.Lifetime|INFO|Content root path: C:\Users\Pero\Desktop\OzoMvc 
2020-06-15 22:44:10.5780|0|OzoMvc.Controllers.PosaoController|ERROR|Pogreška prilikom dodavanja novog posla: Object reference not set to an instance of an object.
 
2020-06-15 22:44:15.9807|0|OzoMvc.Controllers.PosaoController|ERROR|Pogreška prilikom dodavanja novog posla: Object reference not set to an instance of an object.
 
2020-06-15 22:44:50.8575|0|OzoMvc.Controllers.PosaoController|ERROR|Pogreška prilikom dodavanja novog posla: Object reference not set to an instance of an object.
 
2020-06-15 22:44:55.8361|0|OzoMvc.Controllers.PosaoController|ERROR|Pogreška prilikom dodavanja novog posla: Object reference not set to an instance of an object.
 
2020-06-15 22:44:58.3168|0|OzoMvc.Controllers.PosaoController|ERROR|Pogreška prilikom dodavanja novog posla: Object reference not set to an instance of an object.
 
2020-06-15 22:45:59.3040|0|OzoMvc.Program|DEBUG|init main 
2020-06-15 22:45:59.6355|0|Microsoft.Hosting.Lifetime|INFO|Application started. Press Ctrl+C to shut down. 
2020-06-15 22:45:59.6355|0|Microsoft.Hosting.Lifetime|INFO|Hosting environment: Development 
2020-06-15 22:45:59.6355|0|Microsoft.Hosting.Lifetime|INFO|Content root path: C:\Users\Pero\Desktop\OzoMvc 
2020-06-15 22:46:25.4666|1000|OzoMvc.Controllers.PosaoController|INFO|Posao 64 dodan. 
2020-06-15 22:46:56.9980|1000|OzoMvc.Controllers.PosaoController|INFO|Posao 65 dodan. 
2020-06-15 22:47:37.2411|20102|Microsoft.EntityFrameworkCore.Database.Command|ERROR|Failed executing DbCommand (23ms) [Parameters=[@p0='?' (DbType = Int32)], CommandType='Text', CommandTimeout='30']
SET NOCOUNT ON;
DELETE FROM [posao]
WHERE [id] = @p0;
SELECT @@ROWCOUNT; 
2020-06-15 22:47:37.2793|10000|Microsoft.EntityFrameworkCore.Update|ERROR|An exception occurred in the database while saving changes for context type 'OzoMvc.Models.PI05Context'.
Microsoft.EntityFrameworkCore.DbUpdateException: An error occurred while updating the entries. See the inner exception for details.
 ---> Microsoft.Data.SqlClient.SqlException (0x80131904): The DELETE statement conflicted with the REFERENCE constraint "FK_posao_oprema_posao". The conflict occurred in database "PI-05", table "dbo.posao_oprema", column 'posao_id'.
The statement has been terminated.
   at Microsoft.Data.SqlClient.SqlConnection.OnError(SqlException exception, Boolean breakConnection, Action`1 wrapCloseInAction)
   at Microsoft.Data.SqlClient.SqlInternalConnection.OnError(SqlException exception, Boolean breakConnection, Action`1 wrapCloseInAction)
   at Microsoft.Data.SqlClient.TdsParser.ThrowExceptionAndWarning(TdsParserStateObject stateObj, Boolean callerHasConnectionLock, Boolean asyncClose)
   at Microsoft.Data.SqlClient.TdsParser.TryRun(RunBehavior runBehavior, SqlCommand cmdHandler, SqlDataReader dataStream, BulkCopySimpleResultSet bulkCopyHandler, TdsParserStateObject stateObj, Boolean& dataReady)
   at Microsoft.Data.SqlClient.SqlDataReader.TryConsumeMetaData()
   at Microsoft.Data.SqlClient.SqlDataReader.get_MetaData()
   at Microsoft.Data.SqlClient.SqlCommand.FinishExecuteReader(SqlDataReader ds, RunBehavior runBehavior, String resetOptionsString, Boolean isInternal, Boolean forDescribeParameterEncryption, Boolean shouldCacheForAlwaysEncrypted)
   at Microsoft.Data.SqlClient.SqlCommand.RunExecuteReaderTds(CommandBehavior cmdBehavior, RunBehavior runBehavior, Boolean returnStream, Boolean isAsync, Int32 timeout, Task& task, Boolean asyncWrite, Boolean inRetry, SqlDataReader ds, Boolean describeParameterEncryptionRequest)
   at Microsoft.Data.SqlClient.SqlCommand.RunExecuteReader(CommandBehavior cmdBehavior, RunBehavior runBehavior, Boolean returnStream, TaskCompletionSource`1 completion, Int32 timeout, Task& task, Boolean& usedCache, Boolean asyncWrite, Boolean inRetry, String method)
   at Microsoft.Data.SqlClient.SqlCommand.ExecuteReader(CommandBehavior behavior)
   at Microsoft.EntityFrameworkCore.Storage.RelationalCommand.ExecuteReader(RelationalCommandParameterObject parameterObject)
   at Microsoft.EntityFrameworkCore.Update.ReaderModificationCommandBatch.Execute(IRelationalConnection connection)
ClientConnectionId:10cb8856-e9b2-4826-964a-7b981511da18
Error Number:547,State:0,Class:16
   --- End of inner exception stack trace ---
   at Microsoft.EntityFrameworkCore.Update.ReaderModificationCommandBatch.Execute(IRelationalConnection connection)
   at Microsoft.EntityFrameworkCore.Update.Internal.BatchExecutor.Execute(IEnumerable`1 commandBatches, IRelationalConnection connection)
   at Microsoft.EntityFrameworkCore.Storage.RelationalDatabase.SaveChanges(IList`1 entries)
   at Microsoft.EntityFrameworkCore.ChangeTracking.Internal.StateManager.SaveChanges(IList`1 entriesToSave)
   at Microsoft.EntityFrameworkCore.ChangeTracking.Internal.StateManager.SaveChanges(DbContext _, Boolean acceptAllChangesOnSuccess)
   at Microsoft.EntityFrameworkCore.SqlServer.Storage.Internal.SqlServerExecutionStrategy.Execute[TState,TResult](TState state, Func`3 operation, Func`3 verifySucceeded)
   at Microsoft.EntityFrameworkCore.ChangeTracking.Internal.StateManager.SaveChanges(Boolean acceptAllChangesOnSuccess)
   at Microsoft.EntityFrameworkCore.DbContext.SaveChanges(Boolean acceptAllChangesOnSuccess) An error occurred while updating the entries. See the inner exception for details.
2020-06-15 22:47:37.2793|0|OzoMvc.Controllers.PosaoController|ERROR|Pogreška prilikom brisanja posla: An error occurred while updating the entries. See the inner exception for details.
The DELETE statement conflicted with the REFERENCE constraint "FK_posao_oprema_posao". The conflict occurred in database "PI-05", table "dbo.posao_oprema", column 'posao_id'.
The statement has been terminated.
 
2020-06-15 22:50:45.8293|0|OzoMvc.Controllers.PosaoController|INFO|Posao 36 uspješno obrisan 
2020-06-15 22:50:55.6385|0|OzoMvc.Controllers.PosaoController|INFO|Posao 64 uspješno obrisan 
2020-06-15 22:53:26.9591|0|OzoMvc.Program|DEBUG|init main 
2020-06-15 22:53:27.5047|0|Microsoft.Hosting.Lifetime|INFO|Application started. Press Ctrl+C to shut down. 
2020-06-15 22:53:27.5098|0|Microsoft.Hosting.Lifetime|INFO|Hosting environment: Development 
2020-06-15 22:53:27.5098|0|Microsoft.Hosting.Lifetime|INFO|Content root path: C:\Users\Pero\Desktop\OzoMvc 
2020-06-15 23:11:14.8852|0|OzoMvc.Program|DEBUG|init main 
2020-06-15 23:11:15.2107|0|Microsoft.Hosting.Lifetime|INFO|Application started. Press Ctrl+C to shut down. 
2020-06-15 23:11:15.2107|0|Microsoft.Hosting.Lifetime|INFO|Hosting environment: Development 
2020-06-15 23:11:15.2107|0|Microsoft.Hosting.Lifetime|INFO|Content root path: C:\Users\Pero\Desktop\OzoMvc 
2020-06-15 23:12:45.2954|0|OzoMvc.Program|DEBUG|init main 
2020-06-15 23:12:45.6374|0|Microsoft.Hosting.Lifetime|INFO|Application started. Press Ctrl+C to shut down. 
2020-06-15 23:12:45.6374|0|Microsoft.Hosting.Lifetime|INFO|Hosting environment: Development 
2020-06-15 23:12:45.6374|0|Microsoft.Hosting.Lifetime|INFO|Content root path: C:\Users\Pero\Desktop\OzoMvc 
2020-06-15 23:16:48.4615|0|OzoMvc.Program|DEBUG|init main 
2020-06-15 23:16:48.8002|0|Microsoft.Hosting.Lifetime|INFO|Application started. Press Ctrl+C to shut down. 
2020-06-15 23:16:48.8032|0|Microsoft.Hosting.Lifetime|INFO|Hosting environment: Development 
2020-06-15 23:16:48.8032|0|Microsoft.Hosting.Lifetime|INFO|Content root path: C:\Users\Pero\Desktop\OzoMvc 
2020-06-15 23:20:24.0630|0|OzoMvc.Program|DEBUG|init main 
2020-06-15 23:20:24.3932|0|Microsoft.Hosting.Lifetime|INFO|Application started. Press Ctrl+C to shut down. 
2020-06-15 23:20:24.3932|0|Microsoft.Hosting.Lifetime|INFO|Hosting environment: Development 
2020-06-15 23:20:24.4018|0|Microsoft.Hosting.Lifetime|INFO|Content root path: C:\Users\Pero\Desktop\OzoMvc 
2020-06-15 23:21:19.1468|0|OzoMvc.Program|DEBUG|init main 
2020-06-15 23:21:19.4771|0|Microsoft.Hosting.Lifetime|INFO|Application started. Press Ctrl+C to shut down. 
2020-06-15 23:21:19.4771|0|Microsoft.Hosting.Lifetime|INFO|Hosting environment: Development 
2020-06-15 23:21:19.4771|0|Microsoft.Hosting.Lifetime|INFO|Content root path: C:\Users\Pero\Desktop\OzoMvc 
2020-06-15 23:21:53.4366|0|OzoMvc.Program|DEBUG|init main 
2020-06-15 23:21:53.7645|0|Microsoft.Hosting.Lifetime|INFO|Application started. Press Ctrl+C to shut down. 
2020-06-15 23:21:53.7645|0|Microsoft.Hosting.Lifetime|INFO|Hosting environment: Development 
2020-06-15 23:21:53.7739|0|Microsoft.Hosting.Lifetime|INFO|Content root path: C:\Users\Pero\Desktop\OzoMvc 
2020-06-15 23:25:38.7670|0|OzoMvc.Program|DEBUG|init main 
2020-06-15 23:25:39.3189|0|Microsoft.Hosting.Lifetime|INFO|Application started. Press Ctrl+C to shut down. 
2020-06-15 23:25:39.3189|0|Microsoft.Hosting.Lifetime|INFO|Hosting environment: Development 
2020-06-15 23:25:39.3189|0|Microsoft.Hosting.Lifetime|INFO|Content root path: C:\Users\Pero\Desktop\OzoMvc 
2020-06-15 23:28:25.0109|0|OzoMvc.Controllers.PosaoController|ERROR|Pogreška prilikom dodavanja novog posla: Object reference not set to an instance of an object.
 
2020-06-15 23:30:23.3611|0|OzoMvc.Program|DEBUG|init main 
2020-06-15 23:30:23.6918|0|Microsoft.Hosting.Lifetime|INFO|Application started. Press Ctrl+C to shut down. 
2020-06-15 23:30:23.6949|0|Microsoft.Hosting.Lifetime|INFO|Hosting environment: Development 
2020-06-15 23:30:23.6949|0|Microsoft.Hosting.Lifetime|INFO|Content root path: C:\Users\Pero\Desktop\OzoMvc 
2020-06-15 23:30:25.1222|1000|OzoMvc.Controllers.PosaoController|INFO|Posao 66 dodan. 
2020-06-15 23:38:33.8729|0|OzoMvc.Program|DEBUG|init main 
2020-06-15 23:38:34.4145|0|Microsoft.Hosting.Lifetime|INFO|Application started. Press Ctrl+C to shut down. 
2020-06-15 23:38:34.4145|0|Microsoft.Hosting.Lifetime|INFO|Hosting environment: Development 
2020-06-15 23:38:34.4288|0|Microsoft.Hosting.Lifetime|INFO|Content root path: C:\Users\Pero\Desktop\OzoMvc 
2020-06-15 23:38:58.7948|1000|OzoMvc.Controllers.PosaoController|INFO|Posao 67 dodan. 
2020-06-15 23:40:29.6021|0|OzoMvc.Program|DEBUG|init main 
2020-06-15 23:40:30.1402|0|Microsoft.Hosting.Lifetime|INFO|Application started. Press Ctrl+C to shut down. 
2020-06-15 23:40:30.1402|0|Microsoft.Hosting.Lifetime|INFO|Hosting environment: Development 
2020-06-15 23:40:30.1555|0|Microsoft.Hosting.Lifetime|INFO|Content root path: C:\Users\Pero\Desktop\OzoMvc 
2020-06-15 23:40:36.8712|0|OzoMvc.Controllers.PosaoController|INFO|Posao 61 uspješno obrisan 
2020-06-15 23:40:43.8666|0|OzoMvc.Controllers.PosaoController|INFO|Posao 11 uspješno obrisan 
