2020-06-02 00:11:25.2718|0|OzoMvc.Program|DEBUG|init main 
2020-06-02 00:11:25.5773|0|Microsoft.Hosting.Lifetime|INFO|Application started. Press Ctrl+C to shut down. 
2020-06-02 00:11:25.5773|0|Microsoft.Hosting.Lifetime|INFO|Hosting environment: Development 
2020-06-02 00:11:25.5868|0|Microsoft.Hosting.Lifetime|INFO|Content root path: C:\Users\Pero\Desktop\OzoMvc 
2020-06-02 00:11:29.0603|1|Microsoft.AspNetCore.Diagnostics.DeveloperExceptionPageMiddleware|ERROR|An unhandled exception has occurred while executing the request. The model item passed into the ViewDataDictionary is of type 'OzoMvc.Models.Posao', but this ViewDataDictionary instance requires a model item of type 'OzoMvc.ViewModels.PosaoViewModel'.
2020-06-02 00:22:41.1484|0|OzoMvc.Program|DEBUG|init main 
2020-06-02 00:22:41.4739|0|Microsoft.Hosting.Lifetime|INFO|Application started. Press Ctrl+C to shut down. 
2020-06-02 00:22:41.4776|0|Microsoft.Hosting.Lifetime|INFO|Hosting environment: Development 
2020-06-02 00:22:41.4776|0|Microsoft.Hosting.Lifetime|INFO|Content root path: C:\Users\Pero\Desktop\OzoMvc 
2020-06-02 00:22:44.7411|1|Microsoft.AspNetCore.Diagnostics.DeveloperExceptionPageMiddleware|ERROR|An unhandled exception has occurred while executing the request. The model item passed into the ViewDataDictionary is of type 'OzoMvc.Models.Posao', but this ViewDataDictionary instance requires a model item of type 'OzoMvc.ViewModels.PosaoViewModel'.
2020-06-02 00:34:07.9796|0|OzoMvc.Program|DEBUG|init main 
2020-06-02 00:34:08.2805|0|Microsoft.Hosting.Lifetime|INFO|Application started. Press Ctrl+C to shut down. 
2020-06-02 00:34:08.2805|0|Microsoft.Hosting.Lifetime|INFO|Hosting environment: Development 
2020-06-02 00:34:08.2891|0|Microsoft.Hosting.Lifetime|INFO|Content root path: C:\Users\Pero\Desktop\OzoMvc 
2020-06-02 00:42:02.0782|0|OzoMvc.Program|DEBUG|init main 
2020-06-02 00:42:02.5744|0|Microsoft.Hosting.Lifetime|INFO|Application started. Press Ctrl+C to shut down. 
2020-06-02 00:42:02.5744|0|Microsoft.Hosting.Lifetime|INFO|Hosting environment: Development 
2020-06-02 00:42:02.5893|0|Microsoft.Hosting.Lifetime|INFO|Content root path: C:\Users\Pero\Desktop\OzoMvc 
2020-06-02 00:43:09.3330|1000|OzoMvc.Controllers.PosaoController|INFO|Posao 7 dodan. 
2020-06-02 00:45:23.5131|0|OzoMvc.Program|DEBUG|init main 
2020-06-02 00:45:23.8243|0|Microsoft.Hosting.Lifetime|INFO|Application started. Press Ctrl+C to shut down. 
2020-06-02 00:45:23.8243|0|Microsoft.Hosting.Lifetime|INFO|Hosting environment: Development 
2020-06-02 00:45:23.8243|0|Microsoft.Hosting.Lifetime|INFO|Content root path: C:\Users\Pero\Desktop\OzoMvc 
2020-06-02 00:45:34.9146|0|OzoMvc.Controllers.PosaoController|INFO|Posao 6 uspješno obrisan 
2020-06-02 00:46:27.1124|1000|OzoMvc.Controllers.PosaoController|INFO|Posao 8 dodan. 
2020-06-02 00:50:07.1219|0|OzoMvc.Program|DEBUG|init main 
2020-06-02 00:50:07.4250|0|Microsoft.Hosting.Lifetime|INFO|Application started. Press Ctrl+C to shut down. 
2020-06-02 00:50:07.4250|0|Microsoft.Hosting.Lifetime|INFO|Hosting environment: Development 
2020-06-02 00:50:07.4340|0|Microsoft.Hosting.Lifetime|INFO|Content root path: C:\Users\Pero\Desktop\OzoMvc 
2020-06-02 00:50:12.7291|1|Microsoft.AspNetCore.Diagnostics.DeveloperExceptionPageMiddleware|ERROR|An unhandled exception has occurred while executing the request. The model item passed into the ViewDataDictionary is of type 'OzoMvc.Models.Posao', but this ViewDataDictionary instance requires a model item of type 'OzoMvc.ViewModels.PosaoViewModel'.
2020-06-02 00:55:02.3756|0|OzoMvc.Program|DEBUG|init main 
2020-06-02 00:55:02.6740|0|Microsoft.Hosting.Lifetime|INFO|Application started. Press Ctrl+C to shut down. 
2020-06-02 00:55:02.6740|0|Microsoft.Hosting.Lifetime|INFO|Hosting environment: Development 
2020-06-02 00:55:02.6833|0|Microsoft.Hosting.Lifetime|INFO|Content root path: C:\Users\Pero\Desktop\OzoMvc 
2020-06-02 01:06:00.2367|0|OzoMvc.Program|DEBUG|init main 
2020-06-02 01:06:00.5276|0|Microsoft.Hosting.Lifetime|INFO|Application started. Press Ctrl+C to shut down. 
2020-06-02 01:06:00.5276|0|Microsoft.Hosting.Lifetime|INFO|Hosting environment: Development 
2020-06-02 01:06:00.5276|0|Microsoft.Hosting.Lifetime|INFO|Content root path: C:\Users\Pero\Desktop\OzoMvc 
2020-06-02 01:06:06.7885|1|Microsoft.AspNetCore.Diagnostics.DeveloperExceptionPageMiddleware|ERROR|An unhandled exception has occurred while executing the request. The model item passed into the ViewDataDictionary is of type 'OzoMvc.Models.Posao', but this ViewDataDictionary instance requires a model item of type 'OzoMvc.ViewModels.PosaoViewModel'.
2020-06-02 01:17:14.3483|0|OzoMvc.Program|DEBUG|init main 
2020-06-02 01:17:14.6529|0|Microsoft.Hosting.Lifetime|INFO|Application started. Press Ctrl+C to shut down. 
2020-06-02 01:17:14.6529|0|Microsoft.Hosting.Lifetime|INFO|Hosting environment: Development 
2020-06-02 01:17:14.6637|0|Microsoft.Hosting.Lifetime|INFO|Content root path: C:\Users\Pero\Desktop\OzoMvc 
2020-06-02 01:17:20.2148|1|Microsoft.AspNetCore.Diagnostics.DeveloperExceptionPageMiddleware|ERROR|An unhandled exception has occurred while executing the request. The model item passed into the ViewDataDictionary is of type 'OzoMvc.Models.Posao', but this ViewDataDictionary instance requires a model item of type 'OzoMvc.ViewModels.PosaoViewModel'.
2020-06-02 01:27:34.5583|0|OzoMvc.Program|DEBUG|init main 
2020-06-02 01:27:34.8614|0|Microsoft.Hosting.Lifetime|INFO|Application started. Press Ctrl+C to shut down. 
2020-06-02 01:27:34.8614|0|Microsoft.Hosting.Lifetime|INFO|Hosting environment: Development 
2020-06-02 01:27:34.8698|0|Microsoft.Hosting.Lifetime|INFO|Content root path: C:\Users\Pero\Desktop\OzoMvc 
2020-06-02 01:29:07.4298|0|OzoMvc.Program|DEBUG|init main 
2020-06-02 01:29:07.7301|0|Microsoft.Hosting.Lifetime|INFO|Application started. Press Ctrl+C to shut down. 
2020-06-02 01:29:07.7301|0|Microsoft.Hosting.Lifetime|INFO|Hosting environment: Development 
2020-06-02 01:29:07.7301|0|Microsoft.Hosting.Lifetime|INFO|Content root path: C:\Users\Pero\Desktop\OzoMvc 
2020-06-02 01:30:07.9907|0|OzoMvc.Program|DEBUG|init main 
2020-06-02 01:30:08.2838|0|Microsoft.Hosting.Lifetime|INFO|Application started. Press Ctrl+C to shut down. 
2020-06-02 01:30:08.2838|0|Microsoft.Hosting.Lifetime|INFO|Hosting environment: Development 
2020-06-02 01:30:08.2929|0|Microsoft.Hosting.Lifetime|INFO|Content root path: C:\Users\Pero\Desktop\OzoMvc 
2020-06-02 01:31:47.8475|0|OzoMvc.Program|DEBUG|init main 
2020-06-02 01:31:48.1470|0|Microsoft.Hosting.Lifetime|INFO|Application started. Press Ctrl+C to shut down. 
2020-06-02 01:31:48.1498|0|Microsoft.Hosting.Lifetime|INFO|Hosting environment: Development 
2020-06-02 01:31:48.1498|0|Microsoft.Hosting.Lifetime|INFO|Content root path: C:\Users\Pero\Desktop\OzoMvc 
2020-06-02 01:32:21.5212|0|OzoMvc.Program|DEBUG|init main 
2020-06-02 01:32:21.8210|0|Microsoft.Hosting.Lifetime|INFO|Application started. Press Ctrl+C to shut down. 
2020-06-02 01:32:21.8210|0|Microsoft.Hosting.Lifetime|INFO|Hosting environment: Development 
2020-06-02 01:32:21.8210|0|Microsoft.Hosting.Lifetime|INFO|Content root path: C:\Users\Pero\Desktop\OzoMvc 
2020-06-02 01:32:40.1279|0|OzoMvc.Program|DEBUG|init main 
2020-06-02 01:32:40.4326|0|Microsoft.Hosting.Lifetime|INFO|Application started. Press Ctrl+C to shut down. 
2020-06-02 01:32:40.4326|0|Microsoft.Hosting.Lifetime|INFO|Hosting environment: Development 
2020-06-02 01:32:40.4326|0|Microsoft.Hosting.Lifetime|INFO|Content root path: C:\Users\Pero\Desktop\OzoMvc 
2020-06-02 01:33:04.1899|0|OzoMvc.Program|DEBUG|init main 
2020-06-02 01:33:04.4945|0|Microsoft.Hosting.Lifetime|INFO|Application started. Press Ctrl+C to shut down. 
2020-06-02 01:33:04.4945|0|Microsoft.Hosting.Lifetime|INFO|Hosting environment: Development 
2020-06-02 01:33:04.4945|0|Microsoft.Hosting.Lifetime|INFO|Content root path: C:\Users\Pero\Desktop\OzoMvc 
2020-06-02 01:34:50.1876|0|OzoMvc.Program|DEBUG|init main 
2020-06-02 01:34:50.5043|0|Microsoft.Hosting.Lifetime|INFO|Application started. Press Ctrl+C to shut down. 
2020-06-02 01:34:50.5073|0|Microsoft.Hosting.Lifetime|INFO|Hosting environment: Development 
2020-06-02 01:34:50.5073|0|Microsoft.Hosting.Lifetime|INFO|Content root path: C:\Users\Pero\Desktop\OzoMvc 
2020-06-02 01:36:53.4613|1000|OzoMvc.Controllers.PosaoController|INFO|Posao 9 dodan. 
2020-06-02 01:50:51.4358|0|OzoMvc.Program|DEBUG|init main 
2020-06-02 01:50:51.7450|0|Microsoft.Hosting.Lifetime|INFO|Application started. Press Ctrl+C to shut down. 
2020-06-02 01:50:51.7450|0|Microsoft.Hosting.Lifetime|INFO|Hosting environment: Development 
2020-06-02 01:50:51.7450|0|Microsoft.Hosting.Lifetime|INFO|Content root path: C:\Users\Pero\Desktop\OzoMvc 
2020-06-02 01:53:40.6194|0|OzoMvc.Program|DEBUG|init main 
2020-06-02 01:53:40.9206|0|Microsoft.Hosting.Lifetime|INFO|Application started. Press Ctrl+C to shut down. 
2020-06-02 01:53:40.9206|0|Microsoft.Hosting.Lifetime|INFO|Hosting environment: Development 
2020-06-02 01:53:40.9295|0|Microsoft.Hosting.Lifetime|INFO|Content root path: C:\Users\Pero\Desktop\OzoMvc 
2020-06-02 01:54:32.7996|0|OzoMvc.Program|DEBUG|init main 
2020-06-02 01:54:33.1097|0|Microsoft.Hosting.Lifetime|INFO|Application started. Press Ctrl+C to shut down. 
2020-06-02 01:54:33.1097|0|Microsoft.Hosting.Lifetime|INFO|Hosting environment: Development 
2020-06-02 01:54:33.1184|0|Microsoft.Hosting.Lifetime|INFO|Content root path: C:\Users\Pero\Desktop\OzoMvc 
2020-06-02 01:56:40.9623|0|OzoMvc.Program|DEBUG|init main 
2020-06-02 01:56:41.2723|0|Microsoft.Hosting.Lifetime|INFO|Application started. Press Ctrl+C to shut down. 
2020-06-02 01:56:41.2756|0|Microsoft.Hosting.Lifetime|INFO|Hosting environment: Development 
2020-06-02 01:56:41.2756|0|Microsoft.Hosting.Lifetime|INFO|Content root path: C:\Users\Pero\Desktop\OzoMvc 
2020-06-02 01:57:07.7944|0|OzoMvc.Program|DEBUG|init main 
2020-06-02 01:57:08.0984|0|Microsoft.Hosting.Lifetime|INFO|Application started. Press Ctrl+C to shut down. 
2020-06-02 01:57:08.1014|0|Microsoft.Hosting.Lifetime|INFO|Hosting environment: Development 
2020-06-02 01:57:08.1014|0|Microsoft.Hosting.Lifetime|INFO|Content root path: C:\Users\Pero\Desktop\OzoMvc 
2020-06-02 02:00:46.7037|0|OzoMvc.Program|DEBUG|init main 
2020-06-02 02:00:47.0022|0|Microsoft.Hosting.Lifetime|INFO|Application started. Press Ctrl+C to shut down. 
2020-06-02 02:00:47.0022|0|Microsoft.Hosting.Lifetime|INFO|Hosting environment: Development 
2020-06-02 02:00:47.0109|0|Microsoft.Hosting.Lifetime|INFO|Content root path: C:\Users\Pero\Desktop\OzoMvc 
2020-06-02 02:03:21.4487|1000|OzoMvc.Controllers.PosaoController|INFO|Posao 10 dodan. 
2020-06-02 02:04:42.0348|0|OzoMvc.Program|DEBUG|init main 
2020-06-02 02:04:42.3355|0|Microsoft.Hosting.Lifetime|INFO|Application started. Press Ctrl+C to shut down. 
2020-06-02 02:04:42.3355|0|Microsoft.Hosting.Lifetime|INFO|Hosting environment: Development 
2020-06-02 02:04:42.3355|0|Microsoft.Hosting.Lifetime|INFO|Content root path: C:\Users\Pero\Desktop\OzoMvc 
