2020-06-16 10:35:56.1863|0|OzoMvc.Program|DEBUG|init main 
2020-06-16 10:35:57.3623|0|Microsoft.Hosting.Lifetime|INFO|Application started. Press Ctrl+C to shut down. 
2020-06-16 10:35:57.3760|0|Microsoft.Hosting.Lifetime|INFO|Hosting environment: Development 
2020-06-16 10:35:57.3912|0|Microsoft.Hosting.Lifetime|INFO|Content root path: C:\Users\Pero\Desktop\OzoMvc 
2020-06-16 10:37:39.2392|0|OzoMvc.Program|DEBUG|init main 
2020-06-16 10:37:39.6503|0|Microsoft.Hosting.Lifetime|INFO|Application started. Press Ctrl+C to shut down. 
2020-06-16 10:37:39.6503|0|Microsoft.Hosting.Lifetime|INFO|Hosting environment: Development 
2020-06-16 10:37:39.6690|0|Microsoft.Hosting.Lifetime|INFO|Content root path: C:\Users\Pero\Desktop\OzoMvc 
2020-06-16 10:38:13.0805|0|OzoMvc.Program|DEBUG|init main 
2020-06-16 10:38:13.5285|0|Microsoft.Hosting.Lifetime|INFO|Application started. Press Ctrl+C to shut down. 
2020-06-16 10:38:13.5285|0|Microsoft.Hosting.Lifetime|INFO|Hosting environment: Development 
2020-06-16 10:38:13.5383|0|Microsoft.Hosting.Lifetime|INFO|Content root path: C:\Users\Pero\Desktop\OzoMvc 
2020-06-16 10:39:26.2689|0|OzoMvc.Program|DEBUG|init main 
2020-06-16 10:39:27.1122|0|Microsoft.Hosting.Lifetime|INFO|Application started. Press Ctrl+C to shut down. 
2020-06-16 10:39:27.1183|0|Microsoft.Hosting.Lifetime|INFO|Hosting environment: Development 
2020-06-16 10:39:27.1317|0|Microsoft.Hosting.Lifetime|INFO|Content root path: C:\Users\Pero\Desktop\OzoMvc 
2020-06-16 10:40:19.6333|0|OzoMvc.Program|DEBUG|init main 
2020-06-16 10:40:20.0619|0|Microsoft.Hosting.Lifetime|INFO|Application started. Press Ctrl+C to shut down. 
2020-06-16 10:40:20.0619|0|Microsoft.Hosting.Lifetime|INFO|Hosting environment: Development 
2020-06-16 10:40:20.0719|0|Microsoft.Hosting.Lifetime|INFO|Content root path: C:\Users\Pero\Desktop\OzoMvc 
2020-06-16 10:40:50.8565|0|OzoMvc.Program|DEBUG|init main 
2020-06-16 10:40:51.5984|0|Microsoft.Hosting.Lifetime|INFO|Application started. Press Ctrl+C to shut down. 
2020-06-16 10:40:51.6071|0|Microsoft.Hosting.Lifetime|INFO|Hosting environment: Development 
2020-06-16 10:40:51.6252|0|Microsoft.Hosting.Lifetime|INFO|Content root path: C:\Users\Pero\Desktop\OzoMvc 
2020-06-16 10:41:17.4812|0|OzoMvc.Program|DEBUG|init main 
2020-06-16 10:41:18.3241|0|Microsoft.Hosting.Lifetime|INFO|Application started. Press Ctrl+C to shut down. 
2020-06-16 10:41:18.3241|0|Microsoft.Hosting.Lifetime|INFO|Hosting environment: Development 
2020-06-16 10:41:18.3463|0|Microsoft.Hosting.Lifetime|INFO|Content root path: C:\Users\Pero\Desktop\OzoMvc 
2020-06-16 10:41:48.0343|0|OzoMvc.Program|DEBUG|init main 
2020-06-16 10:41:48.8595|0|Microsoft.Hosting.Lifetime|INFO|Application started. Press Ctrl+C to shut down. 
2020-06-16 10:41:48.8671|0|Microsoft.Hosting.Lifetime|INFO|Hosting environment: Development 
2020-06-16 10:41:48.8834|0|Microsoft.Hosting.Lifetime|INFO|Content root path: C:\Users\Pero\Desktop\OzoMvc 
2020-06-16 10:42:49.2089|0|OzoMvc.Program|DEBUG|init main 
2020-06-16 10:42:50.0548|0|Microsoft.Hosting.Lifetime|INFO|Application started. Press Ctrl+C to shut down. 
2020-06-16 10:42:50.0548|0|Microsoft.Hosting.Lifetime|INFO|Hosting environment: Development 
2020-06-16 10:42:50.0768|0|Microsoft.Hosting.Lifetime|INFO|Content root path: C:\Users\Pero\Desktop\OzoMvc 
2020-06-16 10:43:22.0671|0|OzoMvc.Program|DEBUG|init main 
2020-06-16 10:43:22.5003|0|Microsoft.Hosting.Lifetime|INFO|Application started. Press Ctrl+C to shut down. 
2020-06-16 10:43:22.5003|0|Microsoft.Hosting.Lifetime|INFO|Hosting environment: Development 
2020-06-16 10:43:22.5113|0|Microsoft.Hosting.Lifetime|INFO|Content root path: C:\Users\Pero\Desktop\OzoMvc 
2020-06-16 10:43:53.0715|0|OzoMvc.Program|DEBUG|init main 
2020-06-16 10:43:53.4845|0|Microsoft.Hosting.Lifetime|INFO|Application started. Press Ctrl+C to shut down. 
2020-06-16 10:43:53.4845|0|Microsoft.Hosting.Lifetime|INFO|Hosting environment: Development 
2020-06-16 10:43:53.4943|0|Microsoft.Hosting.Lifetime|INFO|Content root path: C:\Users\Pero\Desktop\OzoMvc 
2020-06-16 10:48:28.0520|20102|Microsoft.EntityFrameworkCore.Database.Command|ERROR|Failed executing DbCommand (29ms) [Parameters=[@p0='?' (DbType = Int32), @p1='?' (DbType = Int32), @p2='?' (Size = 10)], CommandType='Text', CommandTimeout='30']
SET NOCOUNT ON;
INSERT INTO [mjesto] ([id], [grad_id], [naziv])
VALUES (@p0, @p1, @p2); 
2020-06-16 10:48:28.2404|10000|Microsoft.EntityFrameworkCore.Update|ERROR|An exception occurred in the database while saving changes for context type 'OzoMvc.Models.PI05Context'.
Microsoft.EntityFrameworkCore.DbUpdateException: An error occurred while updating the entries. See the inner exception for details.
 ---> Microsoft.Data.SqlClient.SqlException (0x80131904): Cannot insert explicit value for identity column in table 'mjesto' when IDENTITY_INSERT is set to OFF.
   at Microsoft.Data.SqlClient.SqlConnection.OnError(SqlException exception, Boolean breakConnection, Action`1 wrapCloseInAction)
   at Microsoft.Data.SqlClient.SqlInternalConnection.OnError(SqlException exception, Boolean breakConnection, Action`1 wrapCloseInAction)
   at Microsoft.Data.SqlClient.TdsParser.ThrowExceptionAndWarning(TdsParserStateObject stateObj, Boolean callerHasConnectionLock, Boolean asyncClose)
   at Microsoft.Data.SqlClient.TdsParser.TryRun(RunBehavior runBehavior, SqlCommand cmdHandler, SqlDataReader dataStream, BulkCopySimpleResultSet bulkCopyHandler, TdsParserStateObject stateObj, Boolean& dataReady)
   at Microsoft.Data.SqlClient.SqlDataReader.TryConsumeMetaData()
   at Microsoft.Data.SqlClient.SqlDataReader.get_MetaData()
   at Microsoft.Data.SqlClient.SqlCommand.FinishExecuteReader(SqlDataReader ds, RunBehavior runBehavior, String resetOptionsString, Boolean isInternal, Boolean forDescribeParameterEncryption, Boolean shouldCacheForAlwaysEncrypted)
   at Microsoft.Data.SqlClient.SqlCommand.RunExecuteReaderTds(CommandBehavior cmdBehavior, RunBehavior runBehavior, Boolean returnStream, Boolean isAsync, Int32 timeout, Task& task, Boolean asyncWrite, Boolean inRetry, SqlDataReader ds, Boolean describeParameterEncryptionRequest)
   at Microsoft.Data.SqlClient.SqlCommand.RunExecuteReader(CommandBehavior cmdBehavior, RunBehavior runBehavior, Boolean returnStream, TaskCompletionSource`1 completion, Int32 timeout, Task& task, Boolean& usedCache, Boolean asyncWrite, Boolean inRetry, String method)
   at Microsoft.Data.SqlClient.SqlCommand.ExecuteReader(CommandBehavior behavior)
   at Microsoft.EntityFrameworkCore.Storage.RelationalCommand.ExecuteReader(RelationalCommandParameterObject parameterObject)
   at Microsoft.EntityFrameworkCore.Update.ReaderModificationCommandBatch.Execute(IRelationalConnection connection)
ClientConnectionId:2cd29c1a-3779-4b57-abbc-99490725c471
Error Number:544,State:1,Class:16
   --- End of inner exception stack trace ---
   at Microsoft.EntityFrameworkCore.Update.ReaderModificationCommandBatch.Execute(IRelationalConnection connection)
   at Microsoft.EntityFrameworkCore.Update.Internal.BatchExecutor.Execute(IEnumerable`1 commandBatches, IRelationalConnection connection)
   at Microsoft.EntityFrameworkCore.Storage.RelationalDatabase.SaveChanges(IList`1 entries)
   at Microsoft.EntityFrameworkCore.ChangeTracking.Internal.StateManager.SaveChanges(IList`1 entriesToSave)
   at Microsoft.EntityFrameworkCore.ChangeTracking.Internal.StateManager.SaveChanges(DbContext _, Boolean acceptAllChangesOnSuccess)
   at Microsoft.EntityFrameworkCore.SqlServer.Storage.Internal.SqlServerExecutionStrategy.Execute[TState,TResult](TState state, Func`3 operation, Func`3 verifySucceeded)
   at Microsoft.EntityFrameworkCore.ChangeTracking.Internal.StateManager.SaveChanges(Boolean acceptAllChangesOnSuccess)
   at Microsoft.EntityFrameworkCore.DbContext.SaveChanges(Boolean acceptAllChangesOnSuccess) An error occurred while updating the entries. See the inner exception for details.
2020-06-16 10:50:56.0017|0|OzoMvc.Program|DEBUG|init main 
2020-06-16 10:50:56.8312|0|Microsoft.Hosting.Lifetime|INFO|Application started. Press Ctrl+C to shut down. 
2020-06-16 10:50:56.8381|0|Microsoft.Hosting.Lifetime|INFO|Hosting environment: Development 
2020-06-16 10:50:56.8529|0|Microsoft.Hosting.Lifetime|INFO|Content root path: C:\Users\Pero\Desktop\OzoMvc 
2020-06-16 10:50:58.5815|1|Microsoft.AspNetCore.Diagnostics.DeveloperExceptionPageMiddleware|ERROR|An unhandled exception has occurred while executing the request. The properties 'UslugaKategorija.Id', 'UslugaKategorija.UslugaId' are configured to use 'Identity' value generator and are mapped to the same table 'usluga_kategorija'. Only one column per table can be configured as 'Identity'. Call 'ValueGeneratedNever' for properties that should not use 'Identity'.
2020-06-16 10:51:35.1915|0|OzoMvc.Program|DEBUG|init main 
2020-06-16 10:51:35.8465|0|Microsoft.Hosting.Lifetime|INFO|Application started. Press Ctrl+C to shut down. 
2020-06-16 10:51:35.8530|0|Microsoft.Hosting.Lifetime|INFO|Hosting environment: Development 
2020-06-16 10:51:35.8657|0|Microsoft.Hosting.Lifetime|INFO|Content root path: C:\Users\Pero\Desktop\OzoMvc 
2020-06-16 10:52:57.9121|20102|Microsoft.EntityFrameworkCore.Database.Command|ERROR|Failed executing DbCommand (26ms) [Parameters=[@p0='?' (DbType = Int32), @p1='?' (DbType = Double), @p2='?' (Size = -1), @p3='?' (DbType = Int32), @p4='?' (Size = 8000) (DbType = AnsiString)], CommandType='Text', CommandTimeout='30']
SET NOCOUNT ON;
INSERT INTO [usluga] ([id], [cijena], [naziv], [normativ_id], [opis])
VALUES (@p0, @p1, @p2, @p3, @p4); 
2020-06-16 10:52:57.9888|10000|Microsoft.EntityFrameworkCore.Update|ERROR|An exception occurred in the database while saving changes for context type 'OzoMvc.Models.PI05Context'.
Microsoft.EntityFrameworkCore.DbUpdateException: An error occurred while updating the entries. See the inner exception for details.
 ---> Microsoft.Data.SqlClient.SqlException (0x80131904): Cannot insert explicit value for identity column in table 'usluga' when IDENTITY_INSERT is set to OFF.
   at Microsoft.Data.SqlClient.SqlConnection.OnError(SqlException exception, Boolean breakConnection, Action`1 wrapCloseInAction)
   at Microsoft.Data.SqlClient.SqlInternalConnection.OnError(SqlException exception, Boolean breakConnection, Action`1 wrapCloseInAction)
   at Microsoft.Data.SqlClient.TdsParser.ThrowExceptionAndWarning(TdsParserStateObject stateObj, Boolean callerHasConnectionLock, Boolean asyncClose)
   at Microsoft.Data.SqlClient.TdsParser.TryRun(RunBehavior runBehavior, SqlCommand cmdHandler, SqlDataReader dataStream, BulkCopySimpleResultSet bulkCopyHandler, TdsParserStateObject stateObj, Boolean& dataReady)
   at Microsoft.Data.SqlClient.SqlDataReader.TryConsumeMetaData()
   at Microsoft.Data.SqlClient.SqlDataReader.get_MetaData()
   at Microsoft.Data.SqlClient.SqlCommand.FinishExecuteReader(SqlDataReader ds, RunBehavior runBehavior, String resetOptionsString, Boolean isInternal, Boolean forDescribeParameterEncryption, Boolean shouldCacheForAlwaysEncrypted)
   at Microsoft.Data.SqlClient.SqlCommand.RunExecuteReaderTds(CommandBehavior cmdBehavior, RunBehavior runBehavior, Boolean returnStream, Boolean isAsync, Int32 timeout, Task& task, Boolean asyncWrite, Boolean inRetry, SqlDataReader ds, Boolean describeParameterEncryptionRequest)
   at Microsoft.Data.SqlClient.SqlCommand.RunExecuteReader(CommandBehavior cmdBehavior, RunBehavior runBehavior, Boolean returnStream, TaskCompletionSource`1 completion, Int32 timeout, Task& task, Boolean& usedCache, Boolean asyncWrite, Boolean inRetry, String method)
   at Microsoft.Data.SqlClient.SqlCommand.RunExecuteReader(CommandBehavior cmdBehavior, RunBehavior runBehavior, Boolean returnStream, String method)
   at Microsoft.Data.SqlClient.SqlCommand.ExecuteReader(CommandBehavior behavior)
   at Microsoft.Data.SqlClient.SqlCommand.ExecuteDbDataReader(CommandBehavior behavior)
   at System.Data.Common.DbCommand.ExecuteReader()
   at Microsoft.EntityFrameworkCore.Storage.RelationalCommand.ExecuteReader(RelationalCommandParameterObject parameterObject)
   at Microsoft.EntityFrameworkCore.Update.ReaderModificationCommandBatch.Execute(IRelationalConnection connection)
ClientConnectionId:081317ad-a2f8-4b7f-9fe8-cdbdb7416fd7
Error Number:544,State:1,Class:16
   --- End of inner exception stack trace ---
   at Microsoft.EntityFrameworkCore.Update.ReaderModificationCommandBatch.Execute(IRelationalConnection connection)
   at Microsoft.EntityFrameworkCore.Update.Internal.BatchExecutor.Execute(IEnumerable`1 commandBatches, IRelationalConnection connection)
   at Microsoft.EntityFrameworkCore.Storage.RelationalDatabase.SaveChanges(IList`1 entries)
   at Microsoft.EntityFrameworkCore.ChangeTracking.Internal.StateManager.SaveChanges(IList`1 entriesToSave)
   at Microsoft.EntityFrameworkCore.ChangeTracking.Internal.StateManager.SaveChanges(DbContext _, Boolean acceptAllChangesOnSuccess)
   at Microsoft.EntityFrameworkCore.SqlServer.Storage.Internal.SqlServerExecutionStrategy.Execute[TState,TResult](TState state, Func`3 operation, Func`3 verifySucceeded)
   at Microsoft.EntityFrameworkCore.ChangeTracking.Internal.StateManager.SaveChanges(Boolean acceptAllChangesOnSuccess)
   at Microsoft.EntityFrameworkCore.DbContext.SaveChanges(Boolean acceptAllChangesOnSuccess) An error occurred while updating the entries. See the inner exception for details.
2020-06-16 10:53:28.3265|0|OzoMvc.Program|DEBUG|init main 
2020-06-16 10:53:28.7321|0|Microsoft.Hosting.Lifetime|INFO|Application started. Press Ctrl+C to shut down. 
2020-06-16 10:53:28.7321|0|Microsoft.Hosting.Lifetime|INFO|Hosting environment: Development 
2020-06-16 10:53:28.7419|0|Microsoft.Hosting.Lifetime|INFO|Content root path: C:\Users\Pero\Desktop\OzoMvc 
2020-06-16 10:55:41.5282|0|OzoMvc.Program|DEBUG|init main 
2020-06-16 10:55:42.0970|0|Microsoft.Hosting.Lifetime|INFO|Application started. Press Ctrl+C to shut down. 
2020-06-16 10:55:42.1019|0|Microsoft.Hosting.Lifetime|INFO|Hosting environment: Development 
2020-06-16 10:55:42.1019|0|Microsoft.Hosting.Lifetime|INFO|Content root path: C:\Users\Pero\Desktop\OzoMvc 
2020-06-16 11:03:18.8467|0|OzoMvc.Program|DEBUG|init main 
2020-06-16 11:03:19.7081|0|Microsoft.Hosting.Lifetime|INFO|Application started. Press Ctrl+C to shut down. 
2020-06-16 11:03:19.7156|0|Microsoft.Hosting.Lifetime|INFO|Hosting environment: Development 
2020-06-16 11:03:19.7309|0|Microsoft.Hosting.Lifetime|INFO|Content root path: C:\Users\Pero\Desktop\OzoMvc 
2020-06-16 11:04:13.8672|0|OzoMvc.Program|DEBUG|init main 
2020-06-16 11:04:14.7281|0|Microsoft.Hosting.Lifetime|INFO|Application started. Press Ctrl+C to shut down. 
2020-06-16 11:04:14.7281|0|Microsoft.Hosting.Lifetime|INFO|Hosting environment: Development 
2020-06-16 11:04:14.7510|0|Microsoft.Hosting.Lifetime|INFO|Content root path: C:\Users\Pero\Desktop\OzoMvc 
2020-06-16 11:05:44.0504|0|OzoMvc.Program|DEBUG|init main 
2020-06-16 11:05:44.9415|0|Microsoft.Hosting.Lifetime|INFO|Application started. Press Ctrl+C to shut down. 
2020-06-16 11:05:44.9489|0|Microsoft.Hosting.Lifetime|INFO|Hosting environment: Development 
2020-06-16 11:05:44.9638|0|Microsoft.Hosting.Lifetime|INFO|Content root path: C:\Users\Pero\Desktop\OzoMvc 
2020-06-16 11:10:56.4961|0|OzoMvc.Program|DEBUG|init main 
2020-06-16 11:10:57.3393|0|Microsoft.Hosting.Lifetime|INFO|Application started. Press Ctrl+C to shut down. 
2020-06-16 11:10:57.3393|0|Microsoft.Hosting.Lifetime|INFO|Hosting environment: Development 
2020-06-16 11:10:57.3582|0|Microsoft.Hosting.Lifetime|INFO|Content root path: C:\Users\Pero\Desktop\OzoMvc 
2020-06-16 11:12:49.8826|0|OzoMvc.Program|DEBUG|init main 
2020-06-16 11:12:50.4792|0|Microsoft.Hosting.Lifetime|INFO|Application started. Press Ctrl+C to shut down. 
2020-06-16 11:12:50.4792|0|Microsoft.Hosting.Lifetime|INFO|Hosting environment: Development 
2020-06-16 11:12:50.5042|0|Microsoft.Hosting.Lifetime|INFO|Content root path: C:\Users\Pero\Desktop\OzoMvc 
2020-06-16 11:19:21.6262|0|OzoMvc.Program|DEBUG|init main 
2020-06-16 11:19:22.4628|0|Microsoft.Hosting.Lifetime|INFO|Application started. Press Ctrl+C to shut down. 
2020-06-16 11:19:22.4628|0|Microsoft.Hosting.Lifetime|INFO|Hosting environment: Development 
2020-06-16 11:19:22.4823|0|Microsoft.Hosting.Lifetime|INFO|Content root path: C:\Users\Pero\Desktop\OzoMvc 
2020-06-16 11:20:44.0688|0|OzoMvc.Program|DEBUG|init main 
2020-06-16 11:20:44.8063|0|Microsoft.Hosting.Lifetime|INFO|Application started. Press Ctrl+C to shut down. 
2020-06-16 11:20:44.8063|0|Microsoft.Hosting.Lifetime|INFO|Hosting environment: Development 
2020-06-16 11:20:44.8286|0|Microsoft.Hosting.Lifetime|INFO|Content root path: C:\Users\Pero\Desktop\OzoMvc 
2020-06-16 11:29:28.5053|0|OzoMvc.Program|DEBUG|init main 
2020-06-16 11:29:29.3367|0|Microsoft.Hosting.Lifetime|INFO|Application started. Press Ctrl+C to shut down. 
2020-06-16 11:29:29.3367|0|Microsoft.Hosting.Lifetime|INFO|Hosting environment: Development 
2020-06-16 11:29:29.3587|0|Microsoft.Hosting.Lifetime|INFO|Content root path: C:\Users\Pero\Desktop\OzoMvc 
2020-06-16 11:35:04.8062|0|OzoMvc.Program|DEBUG|init main 
2020-06-16 11:35:05.8227|0|Microsoft.Hosting.Lifetime|INFO|Application started. Press Ctrl+C to shut down. 
2020-06-16 11:35:05.8227|0|Microsoft.Hosting.Lifetime|INFO|Hosting environment: Development 
2020-06-16 11:35:05.8503|0|Microsoft.Hosting.Lifetime|INFO|Content root path: C:\Users\Pero\Desktop\OzoMvc 
2020-06-16 11:42:16.0760|0|OzoMvc.Program|DEBUG|init main 
2020-06-16 11:42:16.9045|0|Microsoft.Hosting.Lifetime|INFO|Application started. Press Ctrl+C to shut down. 
2020-06-16 11:42:16.9127|0|Microsoft.Hosting.Lifetime|INFO|Hosting environment: Development 
2020-06-16 11:42:16.9283|0|Microsoft.Hosting.Lifetime|INFO|Content root path: C:\Users\Pero\Desktop\OzoMvc 
2020-06-16 11:46:20.2174|0|OzoMvc.Program|DEBUG|init main 
2020-06-16 11:46:21.0469|0|Microsoft.Hosting.Lifetime|INFO|Application started. Press Ctrl+C to shut down. 
2020-06-16 11:46:21.0543|0|Microsoft.Hosting.Lifetime|INFO|Hosting environment: Development 
2020-06-16 11:46:21.0687|0|Microsoft.Hosting.Lifetime|INFO|Content root path: C:\Users\Pero\Desktop\OzoMvc 
2020-06-16 11:49:18.3690|0|OzoMvc.Program|DEBUG|init main 
2020-06-16 11:49:19.2590|0|Microsoft.Hosting.Lifetime|INFO|Application started. Press Ctrl+C to shut down. 
2020-06-16 11:49:19.2590|0|Microsoft.Hosting.Lifetime|INFO|Hosting environment: Development 
2020-06-16 11:49:19.2840|0|Microsoft.Hosting.Lifetime|INFO|Content root path: C:\Users\Pero\Desktop\OzoMvc 
2020-06-16 11:56:34.0759|0|OzoMvc.Program|DEBUG|init main 
2020-06-16 11:56:34.6515|0|Microsoft.Hosting.Lifetime|INFO|Application started. Press Ctrl+C to shut down. 
2020-06-16 11:56:34.6515|0|Microsoft.Hosting.Lifetime|INFO|Hosting environment: Development 
2020-06-16 11:56:34.6689|0|Microsoft.Hosting.Lifetime|INFO|Content root path: C:\Users\Pero\Desktop\OzoMvc 
2020-06-16 12:00:45.1281|0|OzoMvc.Program|DEBUG|init main 
2020-06-16 12:00:45.9660|0|Microsoft.Hosting.Lifetime|INFO|Application started. Press Ctrl+C to shut down. 
2020-06-16 12:00:45.9660|0|Microsoft.Hosting.Lifetime|INFO|Hosting environment: Development 
2020-06-16 12:00:45.9860|0|Microsoft.Hosting.Lifetime|INFO|Content root path: C:\Users\Pero\Desktop\OzoMvc 
2020-06-16 12:01:41.7125|0|OzoMvc.Program|DEBUG|init main 
2020-06-16 12:01:42.1391|0|Microsoft.Hosting.Lifetime|INFO|Application started. Press Ctrl+C to shut down. 
2020-06-16 12:01:42.1391|0|Microsoft.Hosting.Lifetime|INFO|Hosting environment: Development 
2020-06-16 12:01:42.1496|0|Microsoft.Hosting.Lifetime|INFO|Content root path: C:\Users\Pero\Desktop\OzoMvc 
2020-06-16 12:02:27.1082|0|OzoMvc.Program|DEBUG|init main 
2020-06-16 12:02:27.5130|0|Microsoft.Hosting.Lifetime|INFO|Application started. Press Ctrl+C to shut down. 
2020-06-16 12:02:27.5130|0|Microsoft.Hosting.Lifetime|INFO|Hosting environment: Development 
2020-06-16 12:02:27.5223|0|Microsoft.Hosting.Lifetime|INFO|Content root path: C:\Users\Pero\Desktop\OzoMvc 
2020-06-16 12:04:08.2495|0|OzoMvc.Program|DEBUG|init main 
2020-06-16 12:04:08.8462|0|Microsoft.Hosting.Lifetime|INFO|Application started. Press Ctrl+C to shut down. 
2020-06-16 12:04:08.8508|0|Microsoft.Hosting.Lifetime|INFO|Hosting environment: Development 
2020-06-16 12:04:08.8508|0|Microsoft.Hosting.Lifetime|INFO|Content root path: C:\Users\Pero\Desktop\OzoMvc 
2020-06-16 12:05:30.5023|0|OzoMvc.Program|DEBUG|init main 
2020-06-16 12:05:31.0978|0|Microsoft.Hosting.Lifetime|INFO|Application started. Press Ctrl+C to shut down. 
2020-06-16 12:05:31.1032|0|Microsoft.Hosting.Lifetime|INFO|Hosting environment: Development 
2020-06-16 12:05:31.1032|0|Microsoft.Hosting.Lifetime|INFO|Content root path: C:\Users\Pero\Desktop\OzoMvc 
2020-06-16 12:06:25.2042|0|OzoMvc.Program|DEBUG|init main 
2020-06-16 12:06:26.0317|0|Microsoft.Hosting.Lifetime|INFO|Application started. Press Ctrl+C to shut down. 
2020-06-16 12:06:26.0392|0|Microsoft.Hosting.Lifetime|INFO|Hosting environment: Development 
2020-06-16 12:06:26.0556|0|Microsoft.Hosting.Lifetime|INFO|Content root path: C:\Users\Pero\Desktop\OzoMvc 
2020-06-16 12:06:54.9015|0|OzoMvc.Program|DEBUG|init main 
2020-06-16 12:06:55.6081|0|Microsoft.Hosting.Lifetime|INFO|Application started. Press Ctrl+C to shut down. 
2020-06-16 12:06:55.6159|0|Microsoft.Hosting.Lifetime|INFO|Hosting environment: Development 
2020-06-16 12:06:55.6349|0|Microsoft.Hosting.Lifetime|INFO|Content root path: C:\Users\Pero\Desktop\OzoMvc 
2020-06-16 12:09:21.0169|0|OzoMvc.Program|DEBUG|init main 
2020-06-16 12:09:21.9269|0|Microsoft.Hosting.Lifetime|INFO|Application started. Press Ctrl+C to shut down. 
2020-06-16 12:09:21.9342|0|Microsoft.Hosting.Lifetime|INFO|Hosting environment: Development 
2020-06-16 12:09:21.9489|0|Microsoft.Hosting.Lifetime|INFO|Content root path: C:\Users\Pero\Desktop\OzoMvc 
2020-06-16 12:10:12.7217|0|OzoMvc.Program|DEBUG|init main 
2020-06-16 12:10:13.3148|0|Microsoft.Hosting.Lifetime|INFO|Application started. Press Ctrl+C to shut down. 
2020-06-16 12:10:13.3194|0|Microsoft.Hosting.Lifetime|INFO|Hosting environment: Development 
2020-06-16 12:10:13.3194|0|Microsoft.Hosting.Lifetime|INFO|Content root path: C:\Users\Pero\Desktop\OzoMvc 
2020-06-16 12:11:55.4152|0|OzoMvc.Program|DEBUG|init main 
2020-06-16 12:11:55.8945|0|Microsoft.Hosting.Lifetime|INFO|Application started. Press Ctrl+C to shut down. 
2020-06-16 12:11:55.8987|0|Microsoft.Hosting.Lifetime|INFO|Hosting environment: Development 
2020-06-16 12:11:55.8987|0|Microsoft.Hosting.Lifetime|INFO|Content root path: C:\Users\Pero\Desktop\OzoMvc 
2020-06-16 12:21:48.7060|0|OzoMvc.Program|DEBUG|init main 
2020-06-16 12:21:49.1406|0|Microsoft.Hosting.Lifetime|INFO|Application started. Press Ctrl+C to shut down. 
2020-06-16 12:21:49.1406|0|Microsoft.Hosting.Lifetime|INFO|Hosting environment: Development 
2020-06-16 12:21:49.1532|0|Microsoft.Hosting.Lifetime|INFO|Content root path: C:\Users\Pero\Desktop\OzoMvc 
2020-06-16 12:24:06.6411|0|OzoMvc.Program|DEBUG|init main 
2020-06-16 12:24:07.1446|0|Microsoft.Hosting.Lifetime|INFO|Application started. Press Ctrl+C to shut down. 
2020-06-16 12:24:07.1484|0|Microsoft.Hosting.Lifetime|INFO|Hosting environment: Development 
2020-06-16 12:24:07.1484|0|Microsoft.Hosting.Lifetime|INFO|Content root path: C:\Users\Pero\Desktop\OzoMvc 
2020-06-16 12:27:04.7101|0|OzoMvc.Program|DEBUG|init main 
2020-06-16 12:27:05.3857|0|Microsoft.Hosting.Lifetime|INFO|Application started. Press Ctrl+C to shut down. 
2020-06-16 12:27:05.3857|0|Microsoft.Hosting.Lifetime|INFO|Hosting environment: Development 
2020-06-16 12:27:05.3995|0|Microsoft.Hosting.Lifetime|INFO|Content root path: C:\Users\Pero\Desktop\OzoMvc 
2020-06-16 12:58:14.1672|0|OzoMvc.Program|DEBUG|init main 
2020-06-16 12:58:14.4972|0|Microsoft.Hosting.Lifetime|INFO|Application started. Press Ctrl+C to shut down. 
2020-06-16 12:58:14.4972|0|Microsoft.Hosting.Lifetime|INFO|Hosting environment: Development 
2020-06-16 12:58:14.5065|0|Microsoft.Hosting.Lifetime|INFO|Content root path: C:\Users\Pero\Desktop\OzoMvc 
2020-06-16 13:02:33.0902|0|OzoMvc.Program|DEBUG|init main 
2020-06-16 13:02:33.4168|0|Microsoft.Hosting.Lifetime|INFO|Application started. Press Ctrl+C to shut down. 
2020-06-16 13:02:33.4168|0|Microsoft.Hosting.Lifetime|INFO|Hosting environment: Development 
2020-06-16 13:02:33.4168|0|Microsoft.Hosting.Lifetime|INFO|Content root path: C:\Users\Pero\Desktop\OzoMvc 
2020-06-16 13:03:09.8537|0|OzoMvc.Program|DEBUG|init main 
2020-06-16 13:03:10.2319|0|Microsoft.Hosting.Lifetime|INFO|Application started. Press Ctrl+C to shut down. 
2020-06-16 13:03:10.2319|0|Microsoft.Hosting.Lifetime|INFO|Hosting environment: Development 
2020-06-16 13:03:10.2422|0|Microsoft.Hosting.Lifetime|INFO|Content root path: C:\Users\Pero\Desktop\OzoMvc 
2020-06-16 14:51:29.1131|0|OzoMvc.Program|DEBUG|init main 
2020-06-16 14:51:29.8121|0|Microsoft.Hosting.Lifetime|INFO|Application started. Press Ctrl+C to shut down. 
2020-06-16 14:51:29.8183|0|Microsoft.Hosting.Lifetime|INFO|Hosting environment: Development 
2020-06-16 14:51:29.8183|0|Microsoft.Hosting.Lifetime|INFO|Content root path: C:\Users\Pero\Desktop\OzoMvc 
2020-06-16 17:04:11.0197|0|OzoMvc.Program|DEBUG|init main 
2020-06-16 17:04:12.7615|0|Microsoft.Hosting.Lifetime|INFO|Application started. Press Ctrl+C to shut down. 
2020-06-16 17:04:12.7615|0|Microsoft.Hosting.Lifetime|INFO|Hosting environment: Development 
2020-06-16 17:04:12.7837|0|Microsoft.Hosting.Lifetime|INFO|Content root path: C:\Users\Pero\Desktop\OzoMvc 
2020-06-16 17:05:02.5224|1000|OzoMvc.Controllers.PosaoController|INFO|Posao 68 dodan. 
2020-06-16 17:05:30.4158|0|OzoMvc.Controllers.PosaoController|INFO|Posao 66 uspješno obrisan 
2020-06-16 20:16:45.7924|0|OzoMvc.Program|DEBUG|init main 
2020-06-16 20:16:48.0062|0|Microsoft.Hosting.Lifetime|INFO|Application started. Press Ctrl+C to shut down. 
2020-06-16 20:16:48.0062|0|Microsoft.Hosting.Lifetime|INFO|Hosting environment: Development 
2020-06-16 20:16:48.0211|0|Microsoft.Hosting.Lifetime|INFO|Content root path: C:\Users\Pero\Desktop\OzoMvc 
2020-06-16 20:25:58.1286|0|OzoMvc.Program|DEBUG|init main 
2020-06-16 20:25:58.4716|0|Microsoft.Hosting.Lifetime|INFO|Application started. Press Ctrl+C to shut down. 
2020-06-16 20:25:58.4745|0|Microsoft.Hosting.Lifetime|INFO|Hosting environment: Development 
2020-06-16 20:25:58.4745|0|Microsoft.Hosting.Lifetime|INFO|Content root path: C:\Users\Pero\Desktop\OzoMvc 
2020-06-16 20:30:23.4808|0|OzoMvc.Program|DEBUG|init main 
2020-06-16 20:30:24.1496|0|Microsoft.Hosting.Lifetime|INFO|Application started. Press Ctrl+C to shut down. 
2020-06-16 20:30:24.1496|0|Microsoft.Hosting.Lifetime|INFO|Hosting environment: Development 
2020-06-16 20:30:24.1671|0|Microsoft.Hosting.Lifetime|INFO|Content root path: C:\Users\Pero\Desktop\OzoMvc 
2020-06-16 20:32:56.4033|0|OzoMvc.Program|DEBUG|init main 
2020-06-16 20:32:56.9847|0|Microsoft.Hosting.Lifetime|INFO|Application started. Press Ctrl+C to shut down. 
2020-06-16 20:32:56.9905|0|Microsoft.Hosting.Lifetime|INFO|Hosting environment: Development 
2020-06-16 20:32:56.9905|0|Microsoft.Hosting.Lifetime|INFO|Content root path: C:\Users\Pero\Desktop\OzoMvc 
2020-06-16 20:38:36.3079|0|OzoMvc.Program|DEBUG|init main 
2020-06-16 20:38:36.6466|0|Microsoft.Hosting.Lifetime|INFO|Application started. Press Ctrl+C to shut down. 
2020-06-16 20:38:36.6466|0|Microsoft.Hosting.Lifetime|INFO|Hosting environment: Development 
2020-06-16 20:38:36.6466|0|Microsoft.Hosting.Lifetime|INFO|Content root path: C:\Users\Pero\Desktop\OzoMvc 
2020-06-16 20:39:12.6963|1000|OzoMvc.Controllers.PosaoController|INFO|Posao 69 dodan. 
2020-06-16 20:39:24.2052|0|OzoMvc.Controllers.PosaoController|INFO|Posao 63 uspješno obrisan 
2020-06-16 20:41:57.9223|0|OzoMvc.Program|DEBUG|init main 
2020-06-16 20:41:58.4742|0|Microsoft.Hosting.Lifetime|INFO|Application started. Press Ctrl+C to shut down. 
2020-06-16 20:41:58.4742|0|Microsoft.Hosting.Lifetime|INFO|Hosting environment: Development 
2020-06-16 20:41:58.4889|0|Microsoft.Hosting.Lifetime|INFO|Content root path: C:\Users\Pero\Desktop\OzoMvc 
2020-06-16 20:43:06.7588|0|OzoMvc.Program|DEBUG|init main 
2020-06-16 20:43:07.3160|0|Microsoft.Hosting.Lifetime|INFO|Application started. Press Ctrl+C to shut down. 
2020-06-16 20:43:07.3211|0|Microsoft.Hosting.Lifetime|INFO|Hosting environment: Development 
2020-06-16 20:43:07.3211|0|Microsoft.Hosting.Lifetime|INFO|Content root path: C:\Users\Pero\Desktop\OzoMvc 
2020-06-16 20:43:21.3281|0|OzoMvc.Program|DEBUG|init main 
2020-06-16 20:43:21.8710|0|Microsoft.Hosting.Lifetime|INFO|Application started. Press Ctrl+C to shut down. 
2020-06-16 20:43:21.8710|0|Microsoft.Hosting.Lifetime|INFO|Hosting environment: Development 
2020-06-16 20:43:21.8895|0|Microsoft.Hosting.Lifetime|INFO|Content root path: C:\Users\Pero\Desktop\OzoMvc 
2020-06-16 20:44:12.1951|0|OzoMvc.Program|DEBUG|init main 
2020-06-16 20:44:12.7410|0|Microsoft.Hosting.Lifetime|INFO|Application started. Press Ctrl+C to shut down. 
2020-06-16 20:44:12.7410|0|Microsoft.Hosting.Lifetime|INFO|Hosting environment: Development 
2020-06-16 20:44:12.7558|0|Microsoft.Hosting.Lifetime|INFO|Content root path: C:\Users\Pero\Desktop\OzoMvc 
2020-06-16 20:49:26.0820|0|OzoMvc.Program|DEBUG|init main 
2020-06-16 20:49:26.4117|0|Microsoft.Hosting.Lifetime|INFO|Application started. Press Ctrl+C to shut down. 
2020-06-16 20:49:26.4117|0|Microsoft.Hosting.Lifetime|INFO|Hosting environment: Development 
2020-06-16 20:49:26.4117|0|Microsoft.Hosting.Lifetime|INFO|Content root path: C:\Users\Pero\Desktop\OzoMvc 
